<?xml version="1.0" encoding="UTF-8"?>
<!-- Generated by org.testng.reporters.JUnitXMLReporter -->
<testsuite ignored="0" hostname="DESKTOP-TFUFUVK" failures="1" tests="10" name="ChromeTest" time="21.782" errors="0" timestamp="2024-12-18T14:33:30 IST">
  <testcase classname="com.orangehrm.testng.tests.LoginTest" name="testLoginWithEmptyCredentials" time="10.219">
    <failure type="org.openqa.selenium.TimeoutException" message="Expected condition failed: waiting for visibility of element located by By.xpath: //p[@class=&amp;apos;oxd-text oxd-text--p oxd-alert-content-text&amp;apos;] (tried for 10 second(s) with 500 milliseconds interval)
Build info: version: &amp;apos;4.25.0&amp;apos;, revision: &amp;apos;8a8aea2337&amp;apos;
System info: os.name: &amp;apos;Windows 10&amp;apos;, os.arch: &amp;apos;amd64&amp;apos;, os.version: &amp;apos;10.0&amp;apos;, java.version: &amp;apos;17.0.12&amp;apos;
Driver info: org.openqa.selenium.chrome.ChromeDriver
Capabilities {acceptInsecureCerts: false, browserName: chrome, browserVersion: 131.0.6778.140, chrome: {chromedriverVersion: 131.0.6778.108 (3b014839fbc..., userDataDir: C:\Users\satis\AppData\Loca...}, fedcm:accounts: true, goog:chromeOptions: {debuggerAddress: localhost:62086}, networkConnectionEnabled: false, pageLoadStrategy: normal, platformName: windows, proxy: Proxy(), se:cdp: ws://localhost:62086/devtoo..., se:cdpVersion: 131.0.6778.140, setWindowRect: true, strictFileInteractability: false, timeouts: {implicit: 0, pageLoad: 300000, script: 30000}, unhandledPromptBehavior: dismiss and notify, webauthn:extension:credBlob: true, webauthn:extension:largeBlob: true, webauthn:extension:minPinLength: true, webauthn:extension:prf: true, webauthn:virtualAuthenticators: true}
Session ID: 8196743aa023560e42a9d9bd38e6e451">
      <![CDATA[org.openqa.selenium.TimeoutException: Expected condition failed: waiting for visibility of element located by By.xpath: //p[@class='oxd-text oxd-text--p oxd-alert-content-text'] (tried for 10 second(s) with 500 milliseconds interval)
Build info: version: '4.25.0', revision: '8a8aea2337'
System info: os.name: 'Windows 10', os.arch: 'amd64', os.version: '10.0', java.version: '17.0.12'
Driver info: org.openqa.selenium.chrome.ChromeDriver
Capabilities {acceptInsecureCerts: false, browserName: chrome, browserVersion: 131.0.6778.140, chrome: {chromedriverVersion: 131.0.6778.108 (3b014839fbc..., userDataDir: C:\Users\satis\AppData\Loca...}, fedcm:accounts: true, goog:chromeOptions: {debuggerAddress: localhost:62086}, networkConnectionEnabled: false, pageLoadStrategy: normal, platformName: windows, proxy: Proxy(), se:cdp: ws://localhost:62086/devtoo..., se:cdpVersion: 131.0.6778.140, setWindowRect: true, strictFileInteractability: false, timeouts: {implicit: 0, pageLoad: 300000, script: 30000}, unhandledPromptBehavior: dismiss and notify, webauthn:extension:credBlob: true, webauthn:extension:largeBlob: true, webauthn:extension:minPinLength: true, webauthn:extension:prf: true, webauthn:virtualAuthenticators: true}
Session ID: 8196743aa023560e42a9d9bd38e6e451
at org.openqa.selenium.support.ui.WebDriverWait.timeoutException(WebDriverWait.java:84)
at org.openqa.selenium.support.ui.FluentWait.until(FluentWait.java:228)
at com.orangehrm.testng.pages.LoginPage.waitForElement(LoginPage.java:39)
at com.orangehrm.testng.pages.LoginPage.getLoginErrorMessage(LoginPage.java:119)
at com.orangehrm.testng.tests.LoginTest.testLoginWithEmptyCredentials(LoginTest.java:130)
at java.base/java.util.ArrayList.forEach(ArrayList.java:1511)
... Removed 27 stack frames]]>
    </failure>
  </testcase> <!-- testLoginWithEmptyCredentials -->
  <testcase classname="com.orangehrm.testng.tests.LoginTest" name="testLoginWithInvalidCredentials" time="0.003"/>
  <testcase classname="com.orangehrm.testng.tests.LoginTest" name="testLoginWithInvalidCredentials" time="0.002"/>
  <testcase classname="com.orangehrm.testng.tests.LoginTest" name="testLoginWithInvalidCredentials" time="0.002"/>
  <testcase classname="com.orangehrm.testng.tests.LoginTest" name="testLoginWithInvalidCredentials" time="0.001"/>
  <testcase classname="com.orangehrm.testng.tests.LoginTest" name="testLoginWithValidCredentials" time="3.788"/>
  <testcase classname="com.orangehrm.testng.tests.LoginTest" name="testLoginWithValidCredentials" time="0.003"/>
  <testcase classname="com.orangehrm.testng.tests.LoginTest" name="testLoginWithValidCredentials" time="0.002"/>
  <testcase classname="com.orangehrm.testng.tests.LoginTest" name="testLoginWithValidCredentials" time="0.002"/>
  <testcase classname="com.orangehrm.testng.tests.LoginTest" name="testResetPassword" time="2.482"/>
</testsuite> <!-- ChromeTest -->
