<?xml version="1.0" encoding="UTF-8"?>
<!-- Generated by org.testng.reporters.JUnitXMLReporter -->
<testsuite ignored="0" hostname="DESKTOP-TFUFUVK" failures="0" tests="5" name="Default test" time="0.117" errors="0" timestamp="2024-10-06T08:48:10 IST">
  <testcase classname="com.orangehrm.testng.basetest.BaseTest" name="@BeforeClass setUp" time="-1.728184690833E9">
    <failure type="org.testng.TestNGException" message="
Parameter &amp;apos;browser&amp;apos; is required by BeforeClass on method setUp but has not been marked @Optional or defined
in C:\Users\satis\AppData\Local\Temp\testng-eclipse--548225241\testng-customsuite.xml">
      <![CDATA[org.testng.TestNGException: 
Parameter 'browser' is required by BeforeClass on method setUp but has not been marked @Optional or defined
in C:\Users\satis\AppData\Local\Temp\testng-eclipse--548225241\testng-customsuite.xml
at org.testng.internal.Parameters.createParams(Parameters.java:267)
at org.testng.internal.Parameters.createParametersForMethod(Parameters.java:355)
at org.testng.internal.Parameters.createParameters(Parameters.java:660)
at org.testng.internal.Parameters.createConfigurationParameters(Parameters.java:166)
at org.testng.internal.invokers.ConfigInvoker.invokeConfigurations(ConfigInvoker.java:300)
at org.testng.internal.invokers.TestMethodWorker.invokeBeforeClassMethods(TestMethodWorker.java:178)
at org.testng.internal.invokers.TestMethodWorker.run(TestMethodWorker.java:122)
at java.base/java.util.ArrayList.forEach(ArrayList.java:1597)
at org.testng.TestRunner.privateRun(TestRunner.java:808)
at org.testng.TestRunner.run(TestRunner.java:603)
at org.testng.SuiteRunner.runTest(SuiteRunner.java:429)
at org.testng.SuiteRunner.runSequentially(SuiteRunner.java:423)
at org.testng.SuiteRunner.privateRun(SuiteRunner.java:383)
at org.testng.SuiteRunner.run(SuiteRunner.java:326)
at org.testng.SuiteRunnerWorker.runSuite(SuiteRunnerWorker.java:52)
at org.testng.SuiteRunnerWorker.run(SuiteRunnerWorker.java:95)
at org.testng.TestNG.runSuitesSequentially(TestNG.java:1249)
at org.testng.TestNG.runSuitesLocally(TestNG.java:1169)
at org.testng.TestNG.runSuites(TestNG.java:1092)
at org.testng.TestNG.run(TestNG.java:1060)
at org.testng.remote.AbstractRemoteTestNG.run(AbstractRemoteTestNG.java:115)
at org.testng.remote.RemoteTestNG.initAndRun(RemoteTestNG.java:293)
at org.testng.remote.RemoteTestNG.main(RemoteTestNG.java:91)
]]>
    </failure>
  </testcase> <!-- @BeforeClass setUp -->
  <testcase classname="com.orangehrm.testng.basetest.BaseTest" name="@AfterClass tearDown" time="0.0">
    <skipped/>
  </testcase> <!-- @AfterClass tearDown -->
  <testcase classname="com.orangehrm.testng.tests.LoginTest" name="testLoginInvalidPassword" time="0.0">
    <skipped/>
  </testcase> <!-- testLoginInvalidPassword -->
  <testcase classname="com.orangehrm.testng.tests.LoginTest" name="testLoginInvalidUsername" time="0.0">
    <skipped/>
  </testcase> <!-- testLoginInvalidUsername -->
  <testcase classname="com.orangehrm.testng.tests.LoginTest" name="testLoginInvalidUsernamePassword" time="0.0">
    <skipped/>
  </testcase> <!-- testLoginInvalidUsernamePassword -->
  <testcase classname="com.orangehrm.testng.tests.LoginTest" name="testLoginValidCredentials" time="0.001">
    <skipped/>
  </testcase> <!-- testLoginValidCredentials -->
  <testcase classname="com.orangehrm.testng.tests.LoginTest" name="testResetPassword" time="0.0">
    <skipped/>
  </testcase> <!-- testResetPassword -->
</testsuite> <!-- Default test -->
