<?xml version="1.0" encoding="UTF-8"?>
<!-- Generated by org.testng.reporters.JUnitXMLReporter -->
<testsuite ignored="0" hostname="DESKTOP-TFUFUVK" failures="0" tests="1" name="SmokeTests" time="0.592" errors="0" timestamp="2025-01-28T07:24:42 IST">
  <testcase classname="com.orangehrm.testng.basetest.BaseTest" name="@BeforeClass setUp" time="0.017">
    <failure type="java.lang.RuntimeException" message="Error initializing remote WebDriver: Unsupported browser: ${browser:chrome}">
      <![CDATA[java.lang.RuntimeException: Error initializing remote WebDriver: Unsupported browser: ${browser:chrome}
at com.orangehrm.testng.managers.TestSetupManager.initializeDriver(TestSetupManager.java:60)
at com.orangehrm.testng.basetest.BaseTest.setUp(BaseTest.java:55)
at java.base/java.util.ArrayList.forEach(ArrayList.java:1511)
... Removed 25 stack frames]]>
    </failure>
  </testcase> <!-- @BeforeClass setUp -->
  <testcase classname="com.orangehrm.testng.basetest.BaseTest" name="@AfterClass tearDown" time="0.0">
    <skipped/>
  </testcase> <!-- @AfterClass tearDown -->
  <testcase classname="com.orangehrm.testng.tests.TC_Login_ValidCredentials" name="testLoginWithValidCredentials" time="0.0">
    <skipped/>
  </testcase> <!-- testLoginWithValidCredentials -->
</testsuite> <!-- SmokeTests -->
