<html>
<head>
<title>TestNG:  SanityTests</title>
<link href="../testng.css" rel="stylesheet" type="text/css" />
<link href="../my-testng.css" rel="stylesheet" type="text/css" />

<style type="text/css">
.log { display: none;} 
.stack-trace { display: none;} 
</style>
<script type="text/javascript">
<!--
function flip(e) {
  current = e.style.display;
  if (current == 'block') {
    e.style.display = 'none';
    return 0;
  }
  else {
    e.style.display = 'block';
    return 1;
  }
}

function toggleBox(szDivId, elem, msg1, msg2)
{
  var res = -1;  if (document.getElementById) {
    res = flip(document.getElementById(szDivId));
  }
  else if (document.all) {
    // this is the way old msie versions work
    res = flip(document.all[szDivId]);
  }
  if(elem) {
    if(res == 0) elem.innerHTML = msg1; else elem.innerHTML = msg2;
  }

}

function toggleAllBoxes() {
  if (document.getElementsByTagName) {
    d = document.getElementsByTagName('div');
    for (i = 0; i < d.length; i++) {
      if (d[i].className == 'log') {
        flip(d[i]);
      }
    }
  }
}

// -->
</script>

</head>
<body>
<h2 align='center'>SanityTests</h2><table border='1' align="center">
<tr>
<td>Tests passed/Failed/Skipped:</td><td>5/1/2</td>
</tr><tr>
<td>Started on:</td><td>Fri Jan 03 06:48:44 IST 2025</td>
</tr>
<tr><td>Total time:</td><td>11 seconds (11766 ms)</td>
</tr><tr>
<td>Included groups:</td><td></td>
</tr><tr>
<td>Excluded groups:</td><td></td>
</tr>
</table><p/>
<small><i>(Hover the method name to see the test class name)</i></small><p/>
<table width='100%' border='1' class='invocation-failed'>
<tr><td colspan='4' align='center'><b>FAILED TESTS</b></td></tr>
<tr><td><b>Test method</b></td>
<td><b>Attribute(s)</b></td>
<td width="30%"><b>Exception</b></td>
<td width="10%"><b>Time (seconds)</b></td>
<td><b>Instance</b></td>
</tr>
<tr>
<td title='com.orangehrm.testng.tests.TC_Login_EmptyCredentials.testLoginWithEmptyCredentials()'><b>testLoginWithEmptyCredentials</b><br>Test class: com.orangehrm.testng.tests.TC_Login_EmptyCredentials<br>Test method: Verify the login functionality of OrangeHRM with empty credentials to validate required field errors</td>
<td><div><pre>java.lang.AssertionError: Username error validation expected [Require] but found [Required]
	at com.orangehrm.testng.tests.TC_Login_EmptyCredentials.testLoginWithEmptyCredentials(TC_Login_EmptyCredentials.java:39)
	at java.base/java.util.concurrent.Executors$RunnableAdapter.call(Executors.java:539)
	at java.base/java.util.concurrent.FutureTask.run(FutureTask.java:264)
	at java.base/java.util.concurrent.ThreadPoolExecutor.runWorker(ThreadPoolExecutor.java:1136)
	at java.base/java.util.concurrent.ThreadPoolExecutor$Worker.run(ThreadPoolExecutor.java:635)
	at java.base/java.lang.Thread.run(Thread.java:842)
... Removed 18 stack frames</pre></div><a href='#' onClick='toggleBox("stack-trace1438595067", this, "Click to show all stack frames", "Click to hide stack frames")'>Click to show all stack frames</a>
<div class='stack-trace' id='stack-trace1438595067'><pre>java.lang.AssertionError: Username error validation expected [Require] but found [Required]
	at org.testng.Assert.fail(Assert.java:111)
	at org.testng.Assert.failNotEquals(Assert.java:1578)
	at org.testng.Assert.assertEqualsImpl(Assert.java:150)
	at org.testng.Assert.assertEquals(Assert.java:132)
	at org.testng.Assert.assertEquals(Assert.java:656)
	at com.orangehrm.testng.tests.TC_Login_EmptyCredentials.testLoginWithEmptyCredentials(TC_Login_EmptyCredentials.java:39)
	at java.base/jdk.internal.reflect.NativeMethodAccessorImpl.invoke0(Native Method)
	at java.base/jdk.internal.reflect.NativeMethodAccessorImpl.invoke(NativeMethodAccessorImpl.java:77)
	at java.base/jdk.internal.reflect.DelegatingMethodAccessorImpl.invoke(DelegatingMethodAccessorImpl.java:43)
	at java.base/java.lang.reflect.Method.invoke(Method.java:568)
	at org.testng.internal.invokers.MethodInvocationHelper.invokeMethod(MethodInvocationHelper.java:141)
	at org.testng.internal.invokers.TestInvoker.invokeMethod(TestInvoker.java:686)
	at org.testng.internal.invokers.TestInvoker.retryFailed(TestInvoker.java:269)
	at org.testng.internal.invokers.MethodRunner.runInSequence(MethodRunner.java:76)
	at org.testng.internal.invokers.TestInvoker$MethodInvocationAgent.invoke(TestInvoker.java:992)
	at org.testng.internal.invokers.TestInvoker.invokeTestMethods(TestInvoker.java:203)
	at org.testng.internal.invokers.TestMethodWorker.invokeTestMethods(TestMethodWorker.java:154)
	at org.testng.internal.invokers.TestMethodWorker.run(TestMethodWorker.java:134)
	at java.base/java.util.concurrent.Executors$RunnableAdapter.call(Executors.java:539)
	at java.base/java.util.concurrent.FutureTask.run(FutureTask.java:264)
	at org.testng.internal.thread.graph.TestNGFutureTask.run(TestNGFutureTask.java:22)
	at java.base/java.util.concurrent.ThreadPoolExecutor.runWorker(ThreadPoolExecutor.java:1136)
	at java.base/java.util.concurrent.ThreadPoolExecutor$Worker.run(ThreadPoolExecutor.java:635)
	at java.base/java.lang.Thread.run(Thread.java:842)
</pre></div></td>
<td>0</td>
<td>com.orangehrm.testng.tests.TC_Login_EmptyCredentials@1f651cd8</td></tr>
</table><p>
<table width='100%' border='1' class='invocation-passed'>
<tr><td colspan='4' align='center'><b>PASSED TESTS</b></td></tr>
<tr><td><b>Test method</b></td>
<td><b>Attribute(s)</b></td>
<td width="30%"><b>Exception</b></td>
<td width="10%"><b>Time (seconds)</b></td>
<td><b>Instance</b></td>
</tr>
<tr>
<td title='com.orangehrm.testng.tests.TC_Login_InvalidCredentials.testLoginWithInvalidCredentials()'><b>testLoginWithInvalidCredentials</b><br>Test class: com.orangehrm.testng.tests.TC_Login_InvalidCredentials<br>Test method: Verify the login functionality of OrangeHRM with invalid credentials<br>Parameters: Adm, admin123, Invalid Credentials</td>
<td></td>
<td>1</td>
<td>com.orangehrm.testng.tests.TC_Login_InvalidCredentials@3569edd5</td></tr>
<tr>
<td title='com.orangehrm.testng.tests.TC_Login_InvalidCredentials.testLoginWithInvalidCredentials()'><b>testLoginWithInvalidCredentials</b><br>Test class: com.orangehrm.testng.tests.TC_Login_InvalidCredentials<br>Test method: Verify the login functionality of OrangeHRM with invalid credentials<br>Parameters: Adm, admin, Invalid Credentials</td>
<td></td>
<td>1</td>
<td>com.orangehrm.testng.tests.TC_Login_InvalidCredentials@3569edd5</td></tr>
<tr>
<td title='com.orangehrm.testng.tests.TC_Login_ResetPassword.testResetPassword()'><b>testResetPassword</b><br>Test class: com.orangehrm.testng.tests.TC_Login_ResetPassword<br>Test method: Verify the reset password functionality of OrangeHRM</td>
<td></td>
<td>3</td>
<td>com.orangehrm.testng.tests.TC_Login_ResetPassword@377c68c6</td></tr>
<tr>
<td title='com.orangehrm.testng.tests.TC_Login_InvalidCredentials.testLoginWithInvalidCredentials()'><b>testLoginWithInvalidCredentials</b><br>Test class: com.orangehrm.testng.tests.TC_Login_InvalidCredentials<br>Test method: Verify the login functionality of OrangeHRM with invalid credentials<br>Parameters: Admin, admin, Invalid Credentials</td>
<td></td>
<td>1</td>
<td>com.orangehrm.testng.tests.TC_Login_InvalidCredentials@3569edd5</td></tr>
<tr>
<td title='com.orangehrm.testng.tests.TC_Login_ValidCredentials.testLoginWithValidCredentials()'><b>testLoginWithValidCredentials</b><br>Test class: com.orangehrm.testng.tests.TC_Login_ValidCredentials<br>Test method: Verify the login functionality of OrangeHRM with valid credentials<br>Parameters: Admin, admin123, Valid Credentials</td>
<td></td>
<td>2</td>
<td>com.orangehrm.testng.tests.TC_Login_ValidCredentials@13e9f2e2</td></tr>
</table><p>
<table width='100%' border='1' class='invocation-skipped'>
<tr><td colspan='4' align='center'><b>SKIPPED TESTS</b></td></tr>
<tr><td><b>Test method</b></td>
<td><b>Attribute(s)</b></td>
<td width="30%"><b>Exception</b></td>
<td width="10%"><b>Time (seconds)</b></td>
<td><b>Instance</b></td>
</tr>
<tr>
<td title='com.orangehrm.testng.tests.TC_Login_EmptyCredentials.testLoginWithEmptyCredentials()'><b>testLoginWithEmptyCredentials</b><br>Test class: com.orangehrm.testng.tests.TC_Login_EmptyCredentials<br>Test method: Verify the login functionality of OrangeHRM with empty credentials to validate required field errors</td>
<td><div><pre>java.lang.AssertionError: Username error validation expected [Require] but found [Required]
	at com.orangehrm.testng.tests.TC_Login_EmptyCredentials.testLoginWithEmptyCredentials(TC_Login_EmptyCredentials.java:39)
	at java.base/java.util.concurrent.Executors$RunnableAdapter.call(Executors.java:539)
	at java.base/java.util.concurrent.FutureTask.run(FutureTask.java:264)
	at java.base/java.util.concurrent.ThreadPoolExecutor.runWorker(ThreadPoolExecutor.java:1136)
	at java.base/java.util.concurrent.ThreadPoolExecutor$Worker.run(ThreadPoolExecutor.java:635)
	at java.base/java.lang.Thread.run(Thread.java:842)
... Removed 18 stack frames</pre></div><a href='#' onClick='toggleBox("stack-trace901498601", this, "Click to show all stack frames", "Click to hide stack frames")'>Click to show all stack frames</a>
<div class='stack-trace' id='stack-trace901498601'><pre>java.lang.AssertionError: Username error validation expected [Require] but found [Required]
	at org.testng.Assert.fail(Assert.java:111)
	at org.testng.Assert.failNotEquals(Assert.java:1578)
	at org.testng.Assert.assertEqualsImpl(Assert.java:150)
	at org.testng.Assert.assertEquals(Assert.java:132)
	at org.testng.Assert.assertEquals(Assert.java:656)
	at com.orangehrm.testng.tests.TC_Login_EmptyCredentials.testLoginWithEmptyCredentials(TC_Login_EmptyCredentials.java:39)
	at java.base/jdk.internal.reflect.NativeMethodAccessorImpl.invoke0(Native Method)
	at java.base/jdk.internal.reflect.NativeMethodAccessorImpl.invoke(NativeMethodAccessorImpl.java:77)
	at java.base/jdk.internal.reflect.DelegatingMethodAccessorImpl.invoke(DelegatingMethodAccessorImpl.java:43)
	at java.base/java.lang.reflect.Method.invoke(Method.java:568)
	at org.testng.internal.invokers.MethodInvocationHelper.invokeMethod(MethodInvocationHelper.java:141)
	at org.testng.internal.invokers.TestInvoker.invokeMethod(TestInvoker.java:686)
	at org.testng.internal.invokers.TestInvoker.invokeTestMethod(TestInvoker.java:230)
	at org.testng.internal.invokers.MethodRunner.runInSequence(MethodRunner.java:63)
	at org.testng.internal.invokers.TestInvoker$MethodInvocationAgent.invoke(TestInvoker.java:992)
	at org.testng.internal.invokers.TestInvoker.invokeTestMethods(TestInvoker.java:203)
	at org.testng.internal.invokers.TestMethodWorker.invokeTestMethods(TestMethodWorker.java:154)
	at org.testng.internal.invokers.TestMethodWorker.run(TestMethodWorker.java:134)
	at java.base/java.util.concurrent.Executors$RunnableAdapter.call(Executors.java:539)
	at java.base/java.util.concurrent.FutureTask.run(FutureTask.java:264)
	at org.testng.internal.thread.graph.TestNGFutureTask.run(TestNGFutureTask.java:22)
	at java.base/java.util.concurrent.ThreadPoolExecutor.runWorker(ThreadPoolExecutor.java:1136)
	at java.base/java.util.concurrent.ThreadPoolExecutor$Worker.run(ThreadPoolExecutor.java:635)
	at java.base/java.lang.Thread.run(Thread.java:842)
</pre></div></td>
<td>0</td>
<td>com.orangehrm.testng.tests.TC_Login_EmptyCredentials@1f651cd8</td></tr>
<tr>
<td title='com.orangehrm.testng.tests.TC_Login_EmptyCredentials.testLoginWithEmptyCredentials()'><b>testLoginWithEmptyCredentials</b><br>Test class: com.orangehrm.testng.tests.TC_Login_EmptyCredentials<br>Test method: Verify the login functionality of OrangeHRM with empty credentials to validate required field errors</td>
<td><div><pre>java.lang.AssertionError: Username error validation expected [Require] but found [Required]
	at com.orangehrm.testng.tests.TC_Login_EmptyCredentials.testLoginWithEmptyCredentials(TC_Login_EmptyCredentials.java:39)
	at java.base/java.util.concurrent.Executors$RunnableAdapter.call(Executors.java:539)
	at java.base/java.util.concurrent.FutureTask.run(FutureTask.java:264)
	at java.base/java.util.concurrent.ThreadPoolExecutor.runWorker(ThreadPoolExecutor.java:1136)
	at java.base/java.util.concurrent.ThreadPoolExecutor$Worker.run(ThreadPoolExecutor.java:635)
	at java.base/java.lang.Thread.run(Thread.java:842)
... Removed 18 stack frames</pre></div><a href='#' onClick='toggleBox("stack-trace1756728780", this, "Click to show all stack frames", "Click to hide stack frames")'>Click to show all stack frames</a>
<div class='stack-trace' id='stack-trace1756728780'><pre>java.lang.AssertionError: Username error validation expected [Require] but found [Required]
	at org.testng.Assert.fail(Assert.java:111)
	at org.testng.Assert.failNotEquals(Assert.java:1578)
	at org.testng.Assert.assertEqualsImpl(Assert.java:150)
	at org.testng.Assert.assertEquals(Assert.java:132)
	at org.testng.Assert.assertEquals(Assert.java:656)
	at com.orangehrm.testng.tests.TC_Login_EmptyCredentials.testLoginWithEmptyCredentials(TC_Login_EmptyCredentials.java:39)
	at java.base/jdk.internal.reflect.NativeMethodAccessorImpl.invoke0(Native Method)
	at java.base/jdk.internal.reflect.NativeMethodAccessorImpl.invoke(NativeMethodAccessorImpl.java:77)
	at java.base/jdk.internal.reflect.DelegatingMethodAccessorImpl.invoke(DelegatingMethodAccessorImpl.java:43)
	at java.base/java.lang.reflect.Method.invoke(Method.java:568)
	at org.testng.internal.invokers.MethodInvocationHelper.invokeMethod(MethodInvocationHelper.java:141)
	at org.testng.internal.invokers.TestInvoker.invokeMethod(TestInvoker.java:686)
	at org.testng.internal.invokers.TestInvoker.retryFailed(TestInvoker.java:269)
	at org.testng.internal.invokers.MethodRunner.runInSequence(MethodRunner.java:76)
	at org.testng.internal.invokers.TestInvoker$MethodInvocationAgent.invoke(TestInvoker.java:992)
	at org.testng.internal.invokers.TestInvoker.invokeTestMethods(TestInvoker.java:203)
	at org.testng.internal.invokers.TestMethodWorker.invokeTestMethods(TestMethodWorker.java:154)
	at org.testng.internal.invokers.TestMethodWorker.run(TestMethodWorker.java:134)
	at java.base/java.util.concurrent.Executors$RunnableAdapter.call(Executors.java:539)
	at java.base/java.util.concurrent.FutureTask.run(FutureTask.java:264)
	at org.testng.internal.thread.graph.TestNGFutureTask.run(TestNGFutureTask.java:22)
	at java.base/java.util.concurrent.ThreadPoolExecutor.runWorker(ThreadPoolExecutor.java:1136)
	at java.base/java.util.concurrent.ThreadPoolExecutor$Worker.run(ThreadPoolExecutor.java:635)
	at java.base/java.lang.Thread.run(Thread.java:842)
</pre></div></td>
<td>0</td>
<td>com.orangehrm.testng.tests.TC_Login_EmptyCredentials@1f651cd8</td></tr>
</table><p>
</body>
</html>