<?xml version="1.0" encoding="UTF-8"?>
<!-- Generated by org.testng.reporters.JUnitXMLReporter -->
<testsuite ignored="0" hostname="DESKTOP-TFUFUVK" failures="0" tests="1" name="SanityTests" time="0.15" errors="0" timestamp="2024-12-30T16:30:47 IST">
  <testcase classname="com.orangehrm.testng.basetest.BaseTest" name="@BeforeClass setUp" time="0.007">
    <failure type="java.lang.IllegalArgumentException" message="Unsupported browser: ${browser:chrome}">
      <![CDATA[java.lang.IllegalArgumentException: Unsupported browser: ${browser:chrome}
at com.orangehrm.testng.utils.BrowserFactory.getDriver(BrowserFactory.java:32)
at com.orangehrm.testng.managers.TestSetupManager.initializeDriver(TestSetupManager.java:17)
at com.orangehrm.testng.basetest.BaseTest.setUp(BaseTest.java:55)
at java.base/java.util.concurrent.Executors$RunnableAdapter.call(Executors.java:539)
at java.base/java.util.concurrent.FutureTask.run(FutureTask.java:264)
at java.base/java.util.concurrent.ThreadPoolExecutor.runWorker(ThreadPoolExecutor.java:1136)
at java.base/java.util.concurrent.ThreadPoolExecutor$Worker.run(ThreadPoolExecutor.java:635)
at java.base/java.lang.Thread.run(Thread.java:842)
... Removed 11 stack frames]]>
    </failure>
  </testcase> <!-- @BeforeClass setUp -->
  <testcase classname="com.orangehrm.testng.basetest.BaseTest" name="@AfterClass tearDown" time="0.0">
    <skipped/>
  </testcase> <!-- @AfterClass tearDown -->
  <testcase classname="com.orangehrm.testng.tests.TC_Login_EmptyCredentials" name="testLoginWithEmptyCredentials" time="0.0">
    <skipped/>
  </testcase> <!-- testLoginWithEmptyCredentials -->
</testsuite> <!-- SanityTests -->
