<?xml version="1.0" encoding="UTF-8"?>
<!-- Generated by org.testng.reporters.JUnitXMLReporter -->
<testsuite ignored="0" hostname="DESKTOP-TFUFUVK" failures="1" tests="10" name="FirefoxTests" time="24.249" errors="0" timestamp="2024-12-18T14:32:42 IST">
  <testcase classname="com.orangehrm.testng.tests.LoginTest" name="testLoginWithEmptyCredentials" time="10.308">
    <failure type="org.openqa.selenium.TimeoutException" message="Expected condition failed: waiting for visibility of element located by By.xpath: //p[@class=&amp;apos;oxd-text oxd-text--p oxd-alert-content-text&amp;apos;] (tried for 10 second(s) with 500 milliseconds interval)
Build info: version: &amp;apos;4.25.0&amp;apos;, revision: &amp;apos;8a8aea2337&amp;apos;
System info: os.name: &amp;apos;Windows 10&amp;apos;, os.arch: &amp;apos;amd64&amp;apos;, os.version: &amp;apos;10.0&amp;apos;, java.version: &amp;apos;17.0.12&amp;apos;
Driver info: org.openqa.selenium.firefox.FirefoxDriver
Capabilities {acceptInsecureCerts: true, browserName: firefox, browserVersion: 133.0.3, moz:accessibilityChecks: false, moz:buildID: 20241209150345, moz:debuggerAddress: 127.0.0.1:32321, moz:geckodriverVersion: 0.35.0, moz:headless: false, moz:platformVersion: 10.0, moz:processID: 27800, moz:profile: C:\Users\satis\AppData\Loca..., moz:shutdownTimeout: 60000, moz:webdriverClick: true, moz:windowless: false, pageLoadStrategy: normal, platformName: windows, proxy: Proxy(), se:cdp: ws://127.0.0.1:32321/devtoo..., se:cdpVersion: 85.0, setWindowRect: true, strictFileInteractability: false, timeouts: {implicit: 0, pageLoad: 300000, script: 30000}, unhandledPromptBehavior: dismiss and notify, userAgent: Mozilla/5.0 (Windows NT 10....}
Session ID: f5894e74-00c7-4670-bcfa-1902b6a7b590">
      <![CDATA[org.openqa.selenium.TimeoutException: Expected condition failed: waiting for visibility of element located by By.xpath: //p[@class='oxd-text oxd-text--p oxd-alert-content-text'] (tried for 10 second(s) with 500 milliseconds interval)
Build info: version: '4.25.0', revision: '8a8aea2337'
System info: os.name: 'Windows 10', os.arch: 'amd64', os.version: '10.0', java.version: '17.0.12'
Driver info: org.openqa.selenium.firefox.FirefoxDriver
Capabilities {acceptInsecureCerts: true, browserName: firefox, browserVersion: 133.0.3, moz:accessibilityChecks: false, moz:buildID: 20241209150345, moz:debuggerAddress: 127.0.0.1:32321, moz:geckodriverVersion: 0.35.0, moz:headless: false, moz:platformVersion: 10.0, moz:processID: 27800, moz:profile: C:\Users\satis\AppData\Loca..., moz:shutdownTimeout: 60000, moz:webdriverClick: true, moz:windowless: false, pageLoadStrategy: normal, platformName: windows, proxy: Proxy(), se:cdp: ws://127.0.0.1:32321/devtoo..., se:cdpVersion: 85.0, setWindowRect: true, strictFileInteractability: false, timeouts: {implicit: 0, pageLoad: 300000, script: 30000}, unhandledPromptBehavior: dismiss and notify, userAgent: Mozilla/5.0 (Windows NT 10....}
Session ID: f5894e74-00c7-4670-bcfa-1902b6a7b590
at org.openqa.selenium.support.ui.WebDriverWait.timeoutException(WebDriverWait.java:84)
at org.openqa.selenium.support.ui.FluentWait.until(FluentWait.java:228)
at com.orangehrm.testng.pages.LoginPage.waitForElement(LoginPage.java:39)
at com.orangehrm.testng.pages.LoginPage.getLoginErrorMessage(LoginPage.java:119)
at com.orangehrm.testng.tests.LoginTest.testLoginWithEmptyCredentials(LoginTest.java:130)
at java.base/java.util.ArrayList.forEach(ArrayList.java:1511)
at java.base/java.util.concurrent.FutureTask.run(FutureTask.java:264)
at java.base/java.util.concurrent.ThreadPoolExecutor.runWorker(ThreadPoolExecutor.java:1136)
at java.base/java.util.concurrent.ThreadPoolExecutor$Worker.run(ThreadPoolExecutor.java:635)
at java.base/java.lang.Thread.run(Thread.java:842)
... Removed 18 stack frames]]>
    </failure>
  </testcase> <!-- testLoginWithEmptyCredentials -->
  <testcase classname="com.orangehrm.testng.tests.LoginTest" name="testLoginWithInvalidCredentials" time="0.002"/>
  <testcase classname="com.orangehrm.testng.tests.LoginTest" name="testLoginWithInvalidCredentials" time="0.001"/>
  <testcase classname="com.orangehrm.testng.tests.LoginTest" name="testLoginWithInvalidCredentials" time="0.002"/>
  <testcase classname="com.orangehrm.testng.tests.LoginTest" name="testLoginWithInvalidCredentials" time="0.002"/>
  <testcase classname="com.orangehrm.testng.tests.LoginTest" name="testLoginWithValidCredentials" time="3.597"/>
  <testcase classname="com.orangehrm.testng.tests.LoginTest" name="testLoginWithValidCredentials" time="0.003"/>
  <testcase classname="com.orangehrm.testng.tests.LoginTest" name="testLoginWithValidCredentials" time="0.002"/>
  <testcase classname="com.orangehrm.testng.tests.LoginTest" name="testLoginWithValidCredentials" time="0.002"/>
  <testcase classname="com.orangehrm.testng.tests.LoginTest" name="testResetPassword" time="2.764"/>
</testsuite> <!-- FirefoxTests -->
