<?xml version="1.0" encoding="UTF-8"?>
<testng-results retried="2" ignored="2" total="10" passed="5" failed="1" skipped="0">
  <reporter-output>
  </reporter-output>
  <suite started-at="2025-01-03T06:48:44 IST" name="SanityTestSuite" finished-at="2025-01-03T06:48:56 IST" duration-ms="11766">
    <groups>
      <group name="regressionTest">
        <method signature="TC_Login_InvalidCredentials.testLoginWithInvalidCredentials(java.lang.String,java.lang.String,java.lang.String)[pri:0, instance:com.orangehrm.testng.tests.TC_Login_InvalidCredentials@3569edd5]" name="testLoginWithInvalidCredentials" class="com.orangehrm.testng.tests.TC_Login_InvalidCredentials"/>
        <method signature="TC_Login_ValidCredentials.testLoginWithValidCredentials(java.lang.String,java.lang.String,java.lang.String)[pri:0, instance:com.orangehrm.testng.tests.TC_Login_ValidCredentials@13e9f2e2]" name="testLoginWithValidCredentials" class="com.orangehrm.testng.tests.TC_Login_ValidCredentials"/>
      </group> <!-- regressionTest -->
      <group name="endtoendTest">
        <method signature="TC_Login_ValidCredentials.testLoginWithValidCredentials(java.lang.String,java.lang.String,java.lang.String)[pri:0, instance:com.orangehrm.testng.tests.TC_Login_ValidCredentials@13e9f2e2]" name="testLoginWithValidCredentials" class="com.orangehrm.testng.tests.TC_Login_ValidCredentials"/>
      </group> <!-- endtoendTest -->
      <group name="smokeTest">
        <method signature="TC_Login_ValidCredentials.testLoginWithValidCredentials(java.lang.String,java.lang.String,java.lang.String)[pri:0, instance:com.orangehrm.testng.tests.TC_Login_ValidCredentials@13e9f2e2]" name="testLoginWithValidCredentials" class="com.orangehrm.testng.tests.TC_Login_ValidCredentials"/>
      </group> <!-- smokeTest -->
      <group name="sanityTest">
        <method signature="TC_Login_EmptyCredentials.testLoginWithEmptyCredentials()[pri:0, instance:com.orangehrm.testng.tests.TC_Login_EmptyCredentials@1f651cd8]" name="testLoginWithEmptyCredentials" class="com.orangehrm.testng.tests.TC_Login_EmptyCredentials"/>
        <method signature="TC_Login_InvalidCredentials.testLoginWithInvalidCredentials(java.lang.String,java.lang.String,java.lang.String)[pri:0, instance:com.orangehrm.testng.tests.TC_Login_InvalidCredentials@3569edd5]" name="testLoginWithInvalidCredentials" class="com.orangehrm.testng.tests.TC_Login_InvalidCredentials"/>
        <method signature="TC_Login_ResetPassword.testResetPassword()[pri:0, instance:com.orangehrm.testng.tests.TC_Login_ResetPassword@377c68c6]" name="testResetPassword" class="com.orangehrm.testng.tests.TC_Login_ResetPassword"/>
        <method signature="TC_Login_ValidCredentials.testLoginWithValidCredentials(java.lang.String,java.lang.String,java.lang.String)[pri:0, instance:com.orangehrm.testng.tests.TC_Login_ValidCredentials@13e9f2e2]" name="testLoginWithValidCredentials" class="com.orangehrm.testng.tests.TC_Login_ValidCredentials"/>
      </group> <!-- sanityTest -->
    </groups>
    <test started-at="2025-01-03T06:48:44 IST" name="SanityTests" finished-at="2025-01-03T06:48:56 IST" duration-ms="11766">
      <class name="com.orangehrm.testng.tests.TC_Login_EmptyCredentials">
        <test-method is-config="true" signature="setUp(java.lang.String,java.lang.String)[pri:0, instance:com.orangehrm.testng.tests.TC_Login_EmptyCredentials@1f651cd8]" started-at="2025-01-03T06:48:44 IST" name="setUp" finished-at="2025-01-03T06:48:50 IST" duration-ms="5863" status="PASS">
          <params>
            <param index="0">
              <value>
                <![CDATA[chrome]]>
              </value>
            </param>
            <param index="1">
              <value>
                <![CDATA[false]]>
              </value>
            </param>
          </params>
          <reporter-output>
          </reporter-output>
        </test-method> <!-- setUp -->
        <test-method retried="true" signature="testLoginWithEmptyCredentials()[pri:0, instance:com.orangehrm.testng.tests.TC_Login_EmptyCredentials@1f651cd8]" started-at="2025-01-03T06:48:50 IST" name="testLoginWithEmptyCredentials" description="Verify the login functionality of OrangeHRM with empty credentials to validate required field errors" finished-at="2025-01-03T06:48:50 IST" duration-ms="289" status="SKIP">
          <exception class="java.lang.AssertionError">
            <message>
              <![CDATA[Username error validation expected [Require] but found [Required]]]>
            </message>
            <full-stacktrace>
              <![CDATA[java.lang.AssertionError: Username error validation expected [Require] but found [Required]
at org.testng.Assert.fail(Assert.java:111)
at org.testng.Assert.failNotEquals(Assert.java:1578)
at org.testng.Assert.assertEqualsImpl(Assert.java:150)
at org.testng.Assert.assertEquals(Assert.java:132)
at org.testng.Assert.assertEquals(Assert.java:656)
at com.orangehrm.testng.tests.TC_Login_EmptyCredentials.testLoginWithEmptyCredentials(TC_Login_EmptyCredentials.java:39)
at java.base/jdk.internal.reflect.NativeMethodAccessorImpl.invoke0(Native Method)
at java.base/jdk.internal.reflect.NativeMethodAccessorImpl.invoke(NativeMethodAccessorImpl.java:77)
at java.base/jdk.internal.reflect.DelegatingMethodAccessorImpl.invoke(DelegatingMethodAccessorImpl.java:43)
at java.base/java.lang.reflect.Method.invoke(Method.java:568)
at org.testng.internal.invokers.MethodInvocationHelper.invokeMethod(MethodInvocationHelper.java:141)
at org.testng.internal.invokers.TestInvoker.invokeMethod(TestInvoker.java:686)
at org.testng.internal.invokers.TestInvoker.invokeTestMethod(TestInvoker.java:230)
at org.testng.internal.invokers.MethodRunner.runInSequence(MethodRunner.java:63)
at org.testng.internal.invokers.TestInvoker$MethodInvocationAgent.invoke(TestInvoker.java:992)
at org.testng.internal.invokers.TestInvoker.invokeTestMethods(TestInvoker.java:203)
at org.testng.internal.invokers.TestMethodWorker.invokeTestMethods(TestMethodWorker.java:154)
at org.testng.internal.invokers.TestMethodWorker.run(TestMethodWorker.java:134)
at java.base/java.util.concurrent.Executors$RunnableAdapter.call(Executors.java:539)
at java.base/java.util.concurrent.FutureTask.run(FutureTask.java:264)
at org.testng.internal.thread.graph.TestNGFutureTask.run(TestNGFutureTask.java:22)
at java.base/java.util.concurrent.ThreadPoolExecutor.runWorker(ThreadPoolExecutor.java:1136)
at java.base/java.util.concurrent.ThreadPoolExecutor$Worker.run(ThreadPoolExecutor.java:635)
at java.base/java.lang.Thread.run(Thread.java:842)
]]>
            </full-stacktrace>
          </exception> <!-- java.lang.AssertionError -->
          <reporter-output>
          </reporter-output>
        </test-method> <!-- testLoginWithEmptyCredentials -->
        <test-method retried="true" signature="testLoginWithEmptyCredentials()[pri:0, instance:com.orangehrm.testng.tests.TC_Login_EmptyCredentials@1f651cd8]" started-at="2025-01-03T06:48:50 IST" name="testLoginWithEmptyCredentials" description="Verify the login functionality of OrangeHRM with empty credentials to validate required field errors" finished-at="2025-01-03T06:48:50 IST" duration-ms="252" status="SKIP">
          <exception class="java.lang.AssertionError">
            <message>
              <![CDATA[Username error validation expected [Require] but found [Required]]]>
            </message>
            <full-stacktrace>
              <![CDATA[java.lang.AssertionError: Username error validation expected [Require] but found [Required]
at org.testng.Assert.fail(Assert.java:111)
at org.testng.Assert.failNotEquals(Assert.java:1578)
at org.testng.Assert.assertEqualsImpl(Assert.java:150)
at org.testng.Assert.assertEquals(Assert.java:132)
at org.testng.Assert.assertEquals(Assert.java:656)
at com.orangehrm.testng.tests.TC_Login_EmptyCredentials.testLoginWithEmptyCredentials(TC_Login_EmptyCredentials.java:39)
at java.base/jdk.internal.reflect.NativeMethodAccessorImpl.invoke0(Native Method)
at java.base/jdk.internal.reflect.NativeMethodAccessorImpl.invoke(NativeMethodAccessorImpl.java:77)
at java.base/jdk.internal.reflect.DelegatingMethodAccessorImpl.invoke(DelegatingMethodAccessorImpl.java:43)
at java.base/java.lang.reflect.Method.invoke(Method.java:568)
at org.testng.internal.invokers.MethodInvocationHelper.invokeMethod(MethodInvocationHelper.java:141)
at org.testng.internal.invokers.TestInvoker.invokeMethod(TestInvoker.java:686)
at org.testng.internal.invokers.TestInvoker.retryFailed(TestInvoker.java:269)
at org.testng.internal.invokers.MethodRunner.runInSequence(MethodRunner.java:76)
at org.testng.internal.invokers.TestInvoker$MethodInvocationAgent.invoke(TestInvoker.java:992)
at org.testng.internal.invokers.TestInvoker.invokeTestMethods(TestInvoker.java:203)
at org.testng.internal.invokers.TestMethodWorker.invokeTestMethods(TestMethodWorker.java:154)
at org.testng.internal.invokers.TestMethodWorker.run(TestMethodWorker.java:134)
at java.base/java.util.concurrent.Executors$RunnableAdapter.call(Executors.java:539)
at java.base/java.util.concurrent.FutureTask.run(FutureTask.java:264)
at org.testng.internal.thread.graph.TestNGFutureTask.run(TestNGFutureTask.java:22)
at java.base/java.util.concurrent.ThreadPoolExecutor.runWorker(ThreadPoolExecutor.java:1136)
at java.base/java.util.concurrent.ThreadPoolExecutor$Worker.run(ThreadPoolExecutor.java:635)
at java.base/java.lang.Thread.run(Thread.java:842)
]]>
            </full-stacktrace>
          </exception> <!-- java.lang.AssertionError -->
          <reporter-output>
          </reporter-output>
        </test-method> <!-- testLoginWithEmptyCredentials -->
        <test-method signature="testLoginWithEmptyCredentials()[pri:0, instance:com.orangehrm.testng.tests.TC_Login_EmptyCredentials@1f651cd8]" started-at="2025-01-03T06:48:50 IST" name="testLoginWithEmptyCredentials" description="Verify the login functionality of OrangeHRM with empty credentials to validate required field errors" finished-at="2025-01-03T06:48:51 IST" duration-ms="206" status="FAIL">
          <exception class="java.lang.AssertionError">
            <message>
              <![CDATA[Username error validation expected [Require] but found [Required]]]>
            </message>
            <full-stacktrace>
              <![CDATA[java.lang.AssertionError: Username error validation expected [Require] but found [Required]
at org.testng.Assert.fail(Assert.java:111)
at org.testng.Assert.failNotEquals(Assert.java:1578)
at org.testng.Assert.assertEqualsImpl(Assert.java:150)
at org.testng.Assert.assertEquals(Assert.java:132)
at org.testng.Assert.assertEquals(Assert.java:656)
at com.orangehrm.testng.tests.TC_Login_EmptyCredentials.testLoginWithEmptyCredentials(TC_Login_EmptyCredentials.java:39)
at java.base/jdk.internal.reflect.NativeMethodAccessorImpl.invoke0(Native Method)
at java.base/jdk.internal.reflect.NativeMethodAccessorImpl.invoke(NativeMethodAccessorImpl.java:77)
at java.base/jdk.internal.reflect.DelegatingMethodAccessorImpl.invoke(DelegatingMethodAccessorImpl.java:43)
at java.base/java.lang.reflect.Method.invoke(Method.java:568)
at org.testng.internal.invokers.MethodInvocationHelper.invokeMethod(MethodInvocationHelper.java:141)
at org.testng.internal.invokers.TestInvoker.invokeMethod(TestInvoker.java:686)
at org.testng.internal.invokers.TestInvoker.retryFailed(TestInvoker.java:269)
at org.testng.internal.invokers.MethodRunner.runInSequence(MethodRunner.java:76)
at org.testng.internal.invokers.TestInvoker$MethodInvocationAgent.invoke(TestInvoker.java:992)
at org.testng.internal.invokers.TestInvoker.invokeTestMethods(TestInvoker.java:203)
at org.testng.internal.invokers.TestMethodWorker.invokeTestMethods(TestMethodWorker.java:154)
at org.testng.internal.invokers.TestMethodWorker.run(TestMethodWorker.java:134)
at java.base/java.util.concurrent.Executors$RunnableAdapter.call(Executors.java:539)
at java.base/java.util.concurrent.FutureTask.run(FutureTask.java:264)
at org.testng.internal.thread.graph.TestNGFutureTask.run(TestNGFutureTask.java:22)
at java.base/java.util.concurrent.ThreadPoolExecutor.runWorker(ThreadPoolExecutor.java:1136)
at java.base/java.util.concurrent.ThreadPoolExecutor$Worker.run(ThreadPoolExecutor.java:635)
at java.base/java.lang.Thread.run(Thread.java:842)
]]>
            </full-stacktrace>
          </exception> <!-- java.lang.AssertionError -->
          <reporter-output>
          </reporter-output>
        </test-method> <!-- testLoginWithEmptyCredentials -->
        <test-method is-config="true" signature="tearDown()[pri:0, instance:com.orangehrm.testng.tests.TC_Login_EmptyCredentials@1f651cd8]" started-at="2025-01-03T06:48:51 IST" name="tearDown" finished-at="2025-01-03T06:48:51 IST" duration-ms="99" status="PASS">
          <reporter-output>
          </reporter-output>
        </test-method> <!-- tearDown -->
      </class> <!-- com.orangehrm.testng.tests.TC_Login_EmptyCredentials -->
      <class name="com.orangehrm.testng.tests.TC_Login_InvalidCredentials">
        <test-method is-config="true" signature="setUp(java.lang.String,java.lang.String)[pri:0, instance:com.orangehrm.testng.tests.TC_Login_InvalidCredentials@3569edd5]" started-at="2025-01-03T06:48:44 IST" name="setUp" finished-at="2025-01-03T06:48:50 IST" duration-ms="6130" status="PASS">
          <params>
            <param index="0">
              <value>
                <![CDATA[chrome]]>
              </value>
            </param>
            <param index="1">
              <value>
                <![CDATA[false]]>
              </value>
            </param>
          </params>
          <reporter-output>
          </reporter-output>
        </test-method> <!-- setUp -->
        <test-method signature="testLoginWithInvalidCredentials(java.lang.String,java.lang.String,java.lang.String)[pri:0, instance:com.orangehrm.testng.tests.TC_Login_InvalidCredentials@3569edd5]" started-at="2025-01-03T06:48:50 IST" name="testLoginWithInvalidCredentials" description="Verify the login functionality of OrangeHRM with invalid credentials" data-provider="loginDataInvalid" finished-at="2025-01-03T06:48:52 IST" duration-ms="1916" status="PASS">
          <params>
            <param index="0">
              <value>
                <![CDATA[Adm]]>
              </value>
            </param>
            <param index="1">
              <value>
                <![CDATA[admin123]]>
              </value>
            </param>
            <param index="2">
              <value>
                <![CDATA[Invalid Credentials]]>
              </value>
            </param>
          </params>
          <reporter-output>
          </reporter-output>
        </test-method> <!-- testLoginWithInvalidCredentials -->
        <test-method signature="testLoginWithInvalidCredentials(java.lang.String,java.lang.String,java.lang.String)[pri:0, instance:com.orangehrm.testng.tests.TC_Login_InvalidCredentials@3569edd5]" started-at="2025-01-03T06:48:52 IST" name="testLoginWithInvalidCredentials" description="Verify the login functionality of OrangeHRM with invalid credentials" data-provider="loginDataInvalid" finished-at="2025-01-03T06:48:54 IST" duration-ms="1922" status="PASS">
          <params>
            <param index="0">
              <value>
                <![CDATA[Admin]]>
              </value>
            </param>
            <param index="1">
              <value>
                <![CDATA[admin]]>
              </value>
            </param>
            <param index="2">
              <value>
                <![CDATA[Invalid Credentials]]>
              </value>
            </param>
          </params>
          <reporter-output>
          </reporter-output>
        </test-method> <!-- testLoginWithInvalidCredentials -->
        <test-method signature="testLoginWithInvalidCredentials(java.lang.String,java.lang.String,java.lang.String)[pri:0, instance:com.orangehrm.testng.tests.TC_Login_InvalidCredentials@3569edd5]" started-at="2025-01-03T06:48:54 IST" name="testLoginWithInvalidCredentials" description="Verify the login functionality of OrangeHRM with invalid credentials" data-provider="loginDataInvalid" finished-at="2025-01-03T06:48:55 IST" duration-ms="1529" status="PASS">
          <params>
            <param index="0">
              <value>
                <![CDATA[Adm]]>
              </value>
            </param>
            <param index="1">
              <value>
                <![CDATA[admin]]>
              </value>
            </param>
            <param index="2">
              <value>
                <![CDATA[Invalid Credentials]]>
              </value>
            </param>
          </params>
          <reporter-output>
          </reporter-output>
        </test-method> <!-- testLoginWithInvalidCredentials -->
        <test-method is-config="true" signature="tearDown()[pri:0, instance:com.orangehrm.testng.tests.TC_Login_InvalidCredentials@3569edd5]" started-at="2025-01-03T06:48:55 IST" name="tearDown" finished-at="2025-01-03T06:48:56 IST" duration-ms="108" status="PASS">
          <reporter-output>
          </reporter-output>
        </test-method> <!-- tearDown -->
      </class> <!-- com.orangehrm.testng.tests.TC_Login_InvalidCredentials -->
      <class name="com.orangehrm.testng.tests.TC_Login_ValidCredentials">
        <test-method is-config="true" signature="clearAllureResults()[pri:0, instance:com.orangehrm.testng.tests.TC_Login_ValidCredentials@13e9f2e2]" started-at="2025-01-03T06:48:44 IST" name="clearAllureResults" finished-at="2025-01-03T06:48:44 IST" duration-ms="27" status="PASS">
          <reporter-output>
          </reporter-output>
        </test-method> <!-- clearAllureResults -->
        <test-method is-config="true" signature="setUp(java.lang.String,java.lang.String)[pri:0, instance:com.orangehrm.testng.tests.TC_Login_ValidCredentials@13e9f2e2]" started-at="2025-01-03T06:48:44 IST" name="setUp" finished-at="2025-01-03T06:48:50 IST" duration-ms="5820" status="PASS">
          <params>
            <param index="0">
              <value>
                <![CDATA[chrome]]>
              </value>
            </param>
            <param index="1">
              <value>
                <![CDATA[false]]>
              </value>
            </param>
          </params>
          <reporter-output>
          </reporter-output>
        </test-method> <!-- setUp -->
        <test-method signature="testLoginWithValidCredentials(java.lang.String,java.lang.String,java.lang.String)[pri:0, instance:com.orangehrm.testng.tests.TC_Login_ValidCredentials@13e9f2e2]" started-at="2025-01-03T06:48:50 IST" name="testLoginWithValidCredentials" description="Verify the login functionality of OrangeHRM with valid credentials" data-provider="loginDataValid" finished-at="2025-01-03T06:48:53 IST" duration-ms="2697" status="PASS">
          <params>
            <param index="0">
              <value>
                <![CDATA[Admin]]>
              </value>
            </param>
            <param index="1">
              <value>
                <![CDATA[admin123]]>
              </value>
            </param>
            <param index="2">
              <value>
                <![CDATA[Valid Credentials]]>
              </value>
            </param>
          </params>
          <reporter-output>
          </reporter-output>
        </test-method> <!-- testLoginWithValidCredentials -->
        <test-method is-config="true" signature="tearDown()[pri:0, instance:com.orangehrm.testng.tests.TC_Login_ValidCredentials@13e9f2e2]" started-at="2025-01-03T06:48:53 IST" name="tearDown" finished-at="2025-01-03T06:48:53 IST" duration-ms="177" status="PASS">
          <reporter-output>
          </reporter-output>
        </test-method> <!-- tearDown -->
      </class> <!-- com.orangehrm.testng.tests.TC_Login_ValidCredentials -->
      <class name="com.orangehrm.testng.tests.TC_Login_ResetPassword">
        <test-method is-config="true" signature="setUp(java.lang.String,java.lang.String)[pri:0, instance:com.orangehrm.testng.tests.TC_Login_ResetPassword@377c68c6]" started-at="2025-01-03T06:48:44 IST" name="setUp" finished-at="2025-01-03T06:48:50 IST" duration-ms="5723" status="PASS">
          <params>
            <param index="0">
              <value>
                <![CDATA[chrome]]>
              </value>
            </param>
            <param index="1">
              <value>
                <![CDATA[false]]>
              </value>
            </param>
          </params>
          <reporter-output>
          </reporter-output>
        </test-method> <!-- setUp -->
        <test-method signature="testResetPassword()[pri:0, instance:com.orangehrm.testng.tests.TC_Login_ResetPassword@377c68c6]" started-at="2025-01-03T06:48:50 IST" name="testResetPassword" description="Verify the reset password functionality of OrangeHRM" finished-at="2025-01-03T06:48:53 IST" duration-ms="3384" status="PASS">
          <reporter-output>
          </reporter-output>
        </test-method> <!-- testResetPassword -->
        <test-method is-config="true" signature="tearDown()[pri:0, instance:com.orangehrm.testng.tests.TC_Login_ResetPassword@377c68c6]" started-at="2025-01-03T06:48:53 IST" name="tearDown" finished-at="2025-01-03T06:48:53 IST" duration-ms="156" status="PASS">
          <reporter-output>
          </reporter-output>
        </test-method> <!-- tearDown -->
      </class> <!-- com.orangehrm.testng.tests.TC_Login_ResetPassword -->
    </test> <!-- SanityTests -->
  </suite> <!-- SanityTestSuite -->
</testng-results>
