<?xml version="1.0" encoding="UTF-8"?>
<testsuite xmlns:xsi="http://www.w3.org/2001/XMLSchema-instance" xsi:noNamespaceSchemaLocation="https://maven.apache.org/surefire/maven-surefire-plugin/xsd/surefire-test-report.xsd" version="3.0.2" name="TestSuite" time="12.962" tests="8" errors="0" skipped="2" failures="1">
  <properties>
    <property name="java.specification.version" value="17"/>
    <property name="webdriver.chrome.driver" value="C:\Users\satis\.cache\selenium\chromedriver\win64\131.0.6778.204\chromedriver.exe"/>
    <property name="sun.cpu.isalist" value="amd64"/>
    <property name="sun.jnu.encoding" value="Cp1252"/>
    <property name="java.class.path" value="D:\WorkSpace_Selenium\orangeHRM.TestNG86\target\test-classes;D:\WorkSpace_Selenium\orangeHRM.TestNG86\target\classes;C:\Users\satis\.m2\repository\org\seleniumhq\selenium\selenium-java\4.27.0\selenium-java-4.27.0.jar;C:\Users\satis\.m2\repository\org\seleniumhq\selenium\selenium-api\4.27.0\selenium-api-4.27.0.jar;C:\Users\satis\.m2\repository\org\jspecify\jspecify\1.0.0\jspecify-1.0.0.jar;C:\Users\satis\.m2\repository\org\seleniumhq\selenium\selenium-chrome-driver\4.27.0\selenium-chrome-driver-4.27.0.jar;C:\Users\satis\.m2\repository\com\google\auto\service\auto-service-annotations\1.1.1\auto-service-annotations-1.1.1.jar;C:\Users\satis\.m2\repository\org\seleniumhq\selenium\selenium-chromium-driver\4.27.0\selenium-chromium-driver-4.27.0.jar;C:\Users\satis\.m2\repository\org\seleniumhq\selenium\selenium-json\4.27.0\selenium-json-4.27.0.jar;C:\Users\satis\.m2\repository\org\seleniumhq\selenium\selenium-manager\4.27.0\selenium-manager-4.27.0.jar;C:\Users\satis\.m2\repository\org\seleniumhq\selenium\selenium-devtools-v129\4.27.0\selenium-devtools-v129-4.27.0.jar;C:\Users\satis\.m2\repository\org\seleniumhq\selenium\selenium-devtools-v130\4.27.0\selenium-devtools-v130-4.27.0.jar;C:\Users\satis\.m2\repository\org\seleniumhq\selenium\selenium-devtools-v131\4.27.0\selenium-devtools-v131-4.27.0.jar;C:\Users\satis\.m2\repository\org\seleniumhq\selenium\selenium-devtools-v85\4.27.0\selenium-devtools-v85-4.27.0.jar;C:\Users\satis\.m2\repository\org\seleniumhq\selenium\selenium-edge-driver\4.27.0\selenium-edge-driver-4.27.0.jar;C:\Users\satis\.m2\repository\org\seleniumhq\selenium\selenium-firefox-driver\4.27.0\selenium-firefox-driver-4.27.0.jar;C:\Users\satis\.m2\repository\org\seleniumhq\selenium\selenium-http\4.27.0\selenium-http-4.27.0.jar;C:\Users\satis\.m2\repository\dev\failsafe\failsafe\3.3.2\failsafe-3.3.2.jar;C:\Users\satis\.m2\repository\org\seleniumhq\selenium\selenium-ie-driver\4.27.0\selenium-ie-driver-4.27.0.jar;C:\Users\satis\.m2\repository\org\seleniumhq\selenium\selenium-remote-driver\4.27.0\selenium-remote-driver-4.27.0.jar;C:\Users\satis\.m2\repository\com\google\guava\guava\33.3.1-jre\guava-33.3.1-jre.jar;C:\Users\satis\.m2\repository\com\google\guava\failureaccess\1.0.2\failureaccess-1.0.2.jar;C:\Users\satis\.m2\repository\com\google\guava\listenablefuture\9999.0-empty-to-avoid-conflict-with-guava\listenablefuture-9999.0-empty-to-avoid-conflict-with-guava.jar;C:\Users\satis\.m2\repository\com\google\code\findbugs\jsr305\3.0.2\jsr305-3.0.2.jar;C:\Users\satis\.m2\repository\org\checkerframework\checker-qual\3.43.0\checker-qual-3.43.0.jar;C:\Users\satis\.m2\repository\com\google\errorprone\error_prone_annotations\2.28.0\error_prone_annotations-2.28.0.jar;C:\Users\satis\.m2\repository\com\google\j2objc\j2objc-annotations\3.0.0\j2objc-annotations-3.0.0.jar;C:\Users\satis\.m2\repository\io\opentelemetry\semconv\opentelemetry-semconv\1.25.0-alpha\opentelemetry-semconv-1.25.0-alpha.jar;C:\Users\satis\.m2\repository\io\opentelemetry\opentelemetry-api\1.44.1\opentelemetry-api-1.44.1.jar;C:\Users\satis\.m2\repository\io\opentelemetry\opentelemetry-context\1.44.1\opentelemetry-context-1.44.1.jar;C:\Users\satis\.m2\repository\io\opentelemetry\opentelemetry-exporter-logging\1.44.1\opentelemetry-exporter-logging-1.44.1.jar;C:\Users\satis\.m2\repository\io\opentelemetry\opentelemetry-sdk-common\1.44.1\opentelemetry-sdk-common-1.44.1.jar;C:\Users\satis\.m2\repository\io\opentelemetry\opentelemetry-sdk-extension-autoconfigure-spi\1.44.1\opentelemetry-sdk-extension-autoconfigure-spi-1.44.1.jar;C:\Users\satis\.m2\repository\io\opentelemetry\opentelemetry-sdk-extension-autoconfigure\1.44.1\opentelemetry-sdk-extension-autoconfigure-1.44.1.jar;C:\Users\satis\.m2\repository\io\opentelemetry\opentelemetry-api-incubator\1.44.1-alpha\opentelemetry-api-incubator-1.44.1-alpha.jar;C:\Users\satis\.m2\repository\io\opentelemetry\opentelemetry-sdk-trace\1.44.1\opentelemetry-sdk-trace-1.44.1.jar;C:\Users\satis\.m2\repository\io\opentelemetry\opentelemetry-sdk\1.44.1\opentelemetry-sdk-1.44.1.jar;C:\Users\satis\.m2\repository\io\opentelemetry\opentelemetry-sdk-metrics\1.44.1\opentelemetry-sdk-metrics-1.44.1.jar;C:\Users\satis\.m2\repository\io\opentelemetry\opentelemetry-sdk-logs\1.44.1\opentelemetry-sdk-logs-1.44.1.jar;C:\Users\satis\.m2\repository\net\bytebuddy\byte-buddy\1.15.10\byte-buddy-1.15.10.jar;C:\Users\satis\.m2\repository\org\seleniumhq\selenium\selenium-os\4.27.0\selenium-os-4.27.0.jar;C:\Users\satis\.m2\repository\org\apache\commons\commons-exec\1.4.0\commons-exec-1.4.0.jar;C:\Users\satis\.m2\repository\org\seleniumhq\selenium\selenium-safari-driver\4.27.0\selenium-safari-driver-4.27.0.jar;C:\Users\satis\.m2\repository\org\seleniumhq\selenium\selenium-support\4.27.0\selenium-support-4.27.0.jar;C:\Users\satis\.m2\repository\org\testng\testng\7.10.2\testng-7.10.2.jar;C:\Users\satis\.m2\repository\com\beust\jcommander\1.82\jcommander-1.82.jar;C:\Users\satis\.m2\repository\org\webjars\jquery\3.7.1\jquery-3.7.1.jar;C:\Users\satis\.m2\repository\org\apache\logging\log4j\log4j-core\2.24.3\log4j-core-2.24.3.jar;C:\Users\satis\.m2\repository\org\apache\logging\log4j\log4j-api\2.24.3\log4j-api-2.24.3.jar;C:\Users\satis\.m2\repository\io\qameta\allure\allure-testng\2.29.1\allure-testng-2.29.1.jar;C:\Users\satis\.m2\repository\io\qameta\allure\allure-java-commons\2.29.1\allure-java-commons-2.29.1.jar;C:\Users\satis\.m2\repository\io\qameta\allure\allure-model\2.29.1\allure-model-2.29.1.jar;C:\Users\satis\.m2\repository\io\qameta\allure\allure-test-filter\2.29.1\allure-test-filter-2.29.1.jar;C:\Users\satis\.m2\repository\com\aventstack\extentreports\5.1.2\extentreports-5.1.2.jar;C:\Users\satis\.m2\repository\io\reactivex\rxjava3\rxjava\3.1.6\rxjava-3.1.6.jar;C:\Users\satis\.m2\repository\org\reactivestreams\reactive-streams\1.0.4\reactive-streams-1.0.4.jar;C:\Users\satis\.m2\repository\org\freemarker\freemarker\2.3.32\freemarker-2.3.32.jar;C:\Users\satis\.m2\repository\org\projectlombok\lombok\1.18.26\lombok-1.18.26.jar;C:\Users\satis\.m2\repository\com\google\code\gson\gson\2.10.1\gson-2.10.1.jar;C:\Users\satis\.m2\repository\tech\grasshopper\extent-pdf-report\2.12.0\extent-pdf-report-2.12.0.jar;C:\Users\satis\.m2\repository\tech\grasshopper\cucumber-pdf-report\2.14.0\cucumber-pdf-report-2.14.0.jar;C:\Users\satis\.m2\repository\org\apache\pdfbox\pdfbox\2.0.26\pdfbox-2.0.26.jar;C:\Users\satis\.m2\repository\org\apache\pdfbox\fontbox\2.0.26\fontbox-2.0.26.jar;C:\Users\satis\.m2\repository\commons-logging\commons-logging\1.2\commons-logging-1.2.jar;C:\Users\satis\.m2\repository\org\knowm\xchart\xchart\3.8.0\xchart-3.8.0.jar;C:\Users\satis\.m2\repository\de\erichseifert\vectorgraphics2d\VectorGraphics2D\0.13\VectorGraphics2D-0.13.jar;C:\Users\satis\.m2\repository\de\rototor\pdfbox\graphics2d\0.30\graphics2d-0.30.jar;C:\Users\satis\.m2\repository\com\madgag\animated-gif-lib\1.4\animated-gif-lib-1.4.jar;C:\Users\satis\.m2\repository\org\yaml\snakeyaml\2.0\snakeyaml-2.0.jar;C:\Users\satis\.m2\repository\tech\grasshopper\table-layout\1.5.1\table-layout-1.5.1.jar;C:\Users\satis\.m2\repository\tech\grasshopper\rest-assured-cucumber-pdf-report\1.5.0\rest-assured-cucumber-pdf-report-1.5.0.jar;C:\Users\satis\.m2\repository\org\jsoup\jsoup\1.15.3\jsoup-1.15.3.jar;C:\Users\satis\.m2\repository\io\github\bonigarcia\webdrivermanager\5.9.2\webdrivermanager-5.9.2.jar;C:\Users\satis\.m2\repository\com\github\docker-java\docker-java\3.4.0\docker-java-3.4.0.jar;C:\Users\satis\.m2\repository\com\github\docker-java\docker-java-core\3.4.0\docker-java-core-3.4.0.jar;C:\Users\satis\.m2\repository\com\github\docker-java\docker-java-api\3.4.0\docker-java-api-3.4.0.jar;C:\Users\satis\.m2\repository\com\fasterxml\jackson\core\jackson-annotations\2.10.3\jackson-annotations-2.10.3.jar;C:\Users\satis\.m2\repository\com\fasterxml\jackson\core\jackson-databind\2.10.3\jackson-databind-2.10.3.jar;C:\Users\satis\.m2\repository\com\fasterxml\jackson\core\jackson-core\2.10.3\jackson-core-2.10.3.jar;C:\Users\satis\.m2\repository\org\slf4j\jcl-over-slf4j\1.7.30\jcl-over-slf4j-1.7.30.jar;C:\Users\satis\.m2\repository\com\github\docker-java\docker-java-transport-httpclient5\3.4.0\docker-java-transport-httpclient5-3.4.0.jar;C:\Users\satis\.m2\repository\com\github\docker-java\docker-java-transport\3.4.0\docker-java-transport-3.4.0.jar;C:\Users\satis\.m2\repository\net\java\dev\jna\jna\5.13.0\jna-5.13.0.jar;C:\Users\satis\.m2\repository\org\brotli\dec\0.1.2\dec-0.1.2.jar;C:\Users\satis\.m2\repository\org\apache\commons\commons-lang3\3.15.0\commons-lang3-3.15.0.jar;C:\Users\satis\.m2\repository\org\apache\commons\commons-compress\1.26.2\commons-compress-1.26.2.jar;C:\Users\satis\.m2\repository\org\apache\httpcomponents\client5\httpclient5\5.2.1\httpclient5-5.2.1.jar;C:\Users\satis\.m2\repository\org\apache\httpcomponents\core5\httpcore5\5.2\httpcore5-5.2.jar;C:\Users\satis\.m2\repository\org\apache\httpcomponents\core5\httpcore5-h2\5.2\httpcore5-h2-5.2.jar;C:\Users\satis\.m2\repository\org\slf4j\slf4j-api\2.0.16\slf4j-api-2.0.16.jar;C:\Users\satis\.m2\repository\org\apache\logging\log4j\log4j-slf4j-impl\2.24.3\log4j-slf4j-impl-2.24.3.jar;C:\Users\satis\.m2\repository\org\apache\poi\poi\5.3.0\poi-5.3.0.jar;C:\Users\satis\.m2\repository\commons-codec\commons-codec\1.17.0\commons-codec-1.17.0.jar;C:\Users\satis\.m2\repository\org\apache\commons\commons-collections4\4.4\commons-collections4-4.4.jar;C:\Users\satis\.m2\repository\org\apache\commons\commons-math3\3.6.1\commons-math3-3.6.1.jar;C:\Users\satis\.m2\repository\commons-io\commons-io\2.16.1\commons-io-2.16.1.jar;C:\Users\satis\.m2\repository\com\zaxxer\SparseBitSet\1.3\SparseBitSet-1.3.jar;C:\Users\satis\.m2\repository\org\apache\poi\poi-ooxml\5.3.0\poi-ooxml-5.3.0.jar;C:\Users\satis\.m2\repository\org\apache\poi\poi-ooxml-lite\5.3.0\poi-ooxml-lite-5.3.0.jar;C:\Users\satis\.m2\repository\org\apache\xmlbeans\xmlbeans\5.2.1\xmlbeans-5.2.1.jar;C:\Users\satis\.m2\repository\com\github\virtuald\curvesapi\1.08\curvesapi-1.08.jar;"/>
    <property name="java.vm.vendor" value="Oracle Corporation"/>
    <property name="sun.arch.data.model" value="64"/>
    <property name="user.variant" value=""/>
    <property name="java.vendor.url" value="https://java.oracle.com/"/>
    <property name="user.timezone" value="Asia/Calcutta"/>
    <property name="suiteXmlFile" value="TestngRunner/testng-sanitytest.xml"/>
    <property name="os.name" value="Windows 10"/>
    <property name="java.vm.specification.version" value="17"/>
    <property name="sun.java.launcher" value="SUN_STANDARD"/>
    <property name="user.country" value="IN"/>
    <property name="sun.boot.library.path" value="C:\Program Files\Java\jdk-17\bin"/>
    <property name="sun.java.command" value="C:\Users\satis\AppData\Local\Temp\surefire9914110052720757881\surefirebooter-20250103064843076_3.jar C:\Users\satis\AppData\Local\Temp\surefire9914110052720757881 2025-01-03T06-48-42_914-jvmRun1 surefire-20250103064843076_1tmp surefire_0-20250103064843076_2tmp"/>
    <property name="jdk.debug" value="release"/>
    <property name="surefire.test.class.path" value="D:\WorkSpace_Selenium\orangeHRM.TestNG86\target\test-classes;D:\WorkSpace_Selenium\orangeHRM.TestNG86\target\classes;C:\Users\satis\.m2\repository\org\seleniumhq\selenium\selenium-java\4.27.0\selenium-java-4.27.0.jar;C:\Users\satis\.m2\repository\org\seleniumhq\selenium\selenium-api\4.27.0\selenium-api-4.27.0.jar;C:\Users\satis\.m2\repository\org\jspecify\jspecify\1.0.0\jspecify-1.0.0.jar;C:\Users\satis\.m2\repository\org\seleniumhq\selenium\selenium-chrome-driver\4.27.0\selenium-chrome-driver-4.27.0.jar;C:\Users\satis\.m2\repository\com\google\auto\service\auto-service-annotations\1.1.1\auto-service-annotations-1.1.1.jar;C:\Users\satis\.m2\repository\org\seleniumhq\selenium\selenium-chromium-driver\4.27.0\selenium-chromium-driver-4.27.0.jar;C:\Users\satis\.m2\repository\org\seleniumhq\selenium\selenium-json\4.27.0\selenium-json-4.27.0.jar;C:\Users\satis\.m2\repository\org\seleniumhq\selenium\selenium-manager\4.27.0\selenium-manager-4.27.0.jar;C:\Users\satis\.m2\repository\org\seleniumhq\selenium\selenium-devtools-v129\4.27.0\selenium-devtools-v129-4.27.0.jar;C:\Users\satis\.m2\repository\org\seleniumhq\selenium\selenium-devtools-v130\4.27.0\selenium-devtools-v130-4.27.0.jar;C:\Users\satis\.m2\repository\org\seleniumhq\selenium\selenium-devtools-v131\4.27.0\selenium-devtools-v131-4.27.0.jar;C:\Users\satis\.m2\repository\org\seleniumhq\selenium\selenium-devtools-v85\4.27.0\selenium-devtools-v85-4.27.0.jar;C:\Users\satis\.m2\repository\org\seleniumhq\selenium\selenium-edge-driver\4.27.0\selenium-edge-driver-4.27.0.jar;C:\Users\satis\.m2\repository\org\seleniumhq\selenium\selenium-firefox-driver\4.27.0\selenium-firefox-driver-4.27.0.jar;C:\Users\satis\.m2\repository\org\seleniumhq\selenium\selenium-http\4.27.0\selenium-http-4.27.0.jar;C:\Users\satis\.m2\repository\dev\failsafe\failsafe\3.3.2\failsafe-3.3.2.jar;C:\Users\satis\.m2\repository\org\seleniumhq\selenium\selenium-ie-driver\4.27.0\selenium-ie-driver-4.27.0.jar;C:\Users\satis\.m2\repository\org\seleniumhq\selenium\selenium-remote-driver\4.27.0\selenium-remote-driver-4.27.0.jar;C:\Users\satis\.m2\repository\com\google\guava\guava\33.3.1-jre\guava-33.3.1-jre.jar;C:\Users\satis\.m2\repository\com\google\guava\failureaccess\1.0.2\failureaccess-1.0.2.jar;C:\Users\satis\.m2\repository\com\google\guava\listenablefuture\9999.0-empty-to-avoid-conflict-with-guava\listenablefuture-9999.0-empty-to-avoid-conflict-with-guava.jar;C:\Users\satis\.m2\repository\com\google\code\findbugs\jsr305\3.0.2\jsr305-3.0.2.jar;C:\Users\satis\.m2\repository\org\checkerframework\checker-qual\3.43.0\checker-qual-3.43.0.jar;C:\Users\satis\.m2\repository\com\google\errorprone\error_prone_annotations\2.28.0\error_prone_annotations-2.28.0.jar;C:\Users\satis\.m2\repository\com\google\j2objc\j2objc-annotations\3.0.0\j2objc-annotations-3.0.0.jar;C:\Users\satis\.m2\repository\io\opentelemetry\semconv\opentelemetry-semconv\1.25.0-alpha\opentelemetry-semconv-1.25.0-alpha.jar;C:\Users\satis\.m2\repository\io\opentelemetry\opentelemetry-api\1.44.1\opentelemetry-api-1.44.1.jar;C:\Users\satis\.m2\repository\io\opentelemetry\opentelemetry-context\1.44.1\opentelemetry-context-1.44.1.jar;C:\Users\satis\.m2\repository\io\opentelemetry\opentelemetry-exporter-logging\1.44.1\opentelemetry-exporter-logging-1.44.1.jar;C:\Users\satis\.m2\repository\io\opentelemetry\opentelemetry-sdk-common\1.44.1\opentelemetry-sdk-common-1.44.1.jar;C:\Users\satis\.m2\repository\io\opentelemetry\opentelemetry-sdk-extension-autoconfigure-spi\1.44.1\opentelemetry-sdk-extension-autoconfigure-spi-1.44.1.jar;C:\Users\satis\.m2\repository\io\opentelemetry\opentelemetry-sdk-extension-autoconfigure\1.44.1\opentelemetry-sdk-extension-autoconfigure-1.44.1.jar;C:\Users\satis\.m2\repository\io\opentelemetry\opentelemetry-api-incubator\1.44.1-alpha\opentelemetry-api-incubator-1.44.1-alpha.jar;C:\Users\satis\.m2\repository\io\opentelemetry\opentelemetry-sdk-trace\1.44.1\opentelemetry-sdk-trace-1.44.1.jar;C:\Users\satis\.m2\repository\io\opentelemetry\opentelemetry-sdk\1.44.1\opentelemetry-sdk-1.44.1.jar;C:\Users\satis\.m2\repository\io\opentelemetry\opentelemetry-sdk-metrics\1.44.1\opentelemetry-sdk-metrics-1.44.1.jar;C:\Users\satis\.m2\repository\io\opentelemetry\opentelemetry-sdk-logs\1.44.1\opentelemetry-sdk-logs-1.44.1.jar;C:\Users\satis\.m2\repository\net\bytebuddy\byte-buddy\1.15.10\byte-buddy-1.15.10.jar;C:\Users\satis\.m2\repository\org\seleniumhq\selenium\selenium-os\4.27.0\selenium-os-4.27.0.jar;C:\Users\satis\.m2\repository\org\apache\commons\commons-exec\1.4.0\commons-exec-1.4.0.jar;C:\Users\satis\.m2\repository\org\seleniumhq\selenium\selenium-safari-driver\4.27.0\selenium-safari-driver-4.27.0.jar;C:\Users\satis\.m2\repository\org\seleniumhq\selenium\selenium-support\4.27.0\selenium-support-4.27.0.jar;C:\Users\satis\.m2\repository\org\testng\testng\7.10.2\testng-7.10.2.jar;C:\Users\satis\.m2\repository\com\beust\jcommander\1.82\jcommander-1.82.jar;C:\Users\satis\.m2\repository\org\webjars\jquery\3.7.1\jquery-3.7.1.jar;C:\Users\satis\.m2\repository\org\apache\logging\log4j\log4j-core\2.24.3\log4j-core-2.24.3.jar;C:\Users\satis\.m2\repository\org\apache\logging\log4j\log4j-api\2.24.3\log4j-api-2.24.3.jar;C:\Users\satis\.m2\repository\io\qameta\allure\allure-testng\2.29.1\allure-testng-2.29.1.jar;C:\Users\satis\.m2\repository\io\qameta\allure\allure-java-commons\2.29.1\allure-java-commons-2.29.1.jar;C:\Users\satis\.m2\repository\io\qameta\allure\allure-model\2.29.1\allure-model-2.29.1.jar;C:\Users\satis\.m2\repository\io\qameta\allure\allure-test-filter\2.29.1\allure-test-filter-2.29.1.jar;C:\Users\satis\.m2\repository\com\aventstack\extentreports\5.1.2\extentreports-5.1.2.jar;C:\Users\satis\.m2\repository\io\reactivex\rxjava3\rxjava\3.1.6\rxjava-3.1.6.jar;C:\Users\satis\.m2\repository\org\reactivestreams\reactive-streams\1.0.4\reactive-streams-1.0.4.jar;C:\Users\satis\.m2\repository\org\freemarker\freemarker\2.3.32\freemarker-2.3.32.jar;C:\Users\satis\.m2\repository\org\projectlombok\lombok\1.18.26\lombok-1.18.26.jar;C:\Users\satis\.m2\repository\com\google\code\gson\gson\2.10.1\gson-2.10.1.jar;C:\Users\satis\.m2\repository\tech\grasshopper\extent-pdf-report\2.12.0\extent-pdf-report-2.12.0.jar;C:\Users\satis\.m2\repository\tech\grasshopper\cucumber-pdf-report\2.14.0\cucumber-pdf-report-2.14.0.jar;C:\Users\satis\.m2\repository\org\apache\pdfbox\pdfbox\2.0.26\pdfbox-2.0.26.jar;C:\Users\satis\.m2\repository\org\apache\pdfbox\fontbox\2.0.26\fontbox-2.0.26.jar;C:\Users\satis\.m2\repository\commons-logging\commons-logging\1.2\commons-logging-1.2.jar;C:\Users\satis\.m2\repository\org\knowm\xchart\xchart\3.8.0\xchart-3.8.0.jar;C:\Users\satis\.m2\repository\de\erichseifert\vectorgraphics2d\VectorGraphics2D\0.13\VectorGraphics2D-0.13.jar;C:\Users\satis\.m2\repository\de\rototor\pdfbox\graphics2d\0.30\graphics2d-0.30.jar;C:\Users\satis\.m2\repository\com\madgag\animated-gif-lib\1.4\animated-gif-lib-1.4.jar;C:\Users\satis\.m2\repository\org\yaml\snakeyaml\2.0\snakeyaml-2.0.jar;C:\Users\satis\.m2\repository\tech\grasshopper\table-layout\1.5.1\table-layout-1.5.1.jar;C:\Users\satis\.m2\repository\tech\grasshopper\rest-assured-cucumber-pdf-report\1.5.0\rest-assured-cucumber-pdf-report-1.5.0.jar;C:\Users\satis\.m2\repository\org\jsoup\jsoup\1.15.3\jsoup-1.15.3.jar;C:\Users\satis\.m2\repository\io\github\bonigarcia\webdrivermanager\5.9.2\webdrivermanager-5.9.2.jar;C:\Users\satis\.m2\repository\com\github\docker-java\docker-java\3.4.0\docker-java-3.4.0.jar;C:\Users\satis\.m2\repository\com\github\docker-java\docker-java-core\3.4.0\docker-java-core-3.4.0.jar;C:\Users\satis\.m2\repository\com\github\docker-java\docker-java-api\3.4.0\docker-java-api-3.4.0.jar;C:\Users\satis\.m2\repository\com\fasterxml\jackson\core\jackson-annotations\2.10.3\jackson-annotations-2.10.3.jar;C:\Users\satis\.m2\repository\com\fasterxml\jackson\core\jackson-databind\2.10.3\jackson-databind-2.10.3.jar;C:\Users\satis\.m2\repository\com\fasterxml\jackson\core\jackson-core\2.10.3\jackson-core-2.10.3.jar;C:\Users\satis\.m2\repository\org\slf4j\jcl-over-slf4j\1.7.30\jcl-over-slf4j-1.7.30.jar;C:\Users\satis\.m2\repository\com\github\docker-java\docker-java-transport-httpclient5\3.4.0\docker-java-transport-httpclient5-3.4.0.jar;C:\Users\satis\.m2\repository\com\github\docker-java\docker-java-transport\3.4.0\docker-java-transport-3.4.0.jar;C:\Users\satis\.m2\repository\net\java\dev\jna\jna\5.13.0\jna-5.13.0.jar;C:\Users\satis\.m2\repository\org\brotli\dec\0.1.2\dec-0.1.2.jar;C:\Users\satis\.m2\repository\org\apache\commons\commons-lang3\3.15.0\commons-lang3-3.15.0.jar;C:\Users\satis\.m2\repository\org\apache\commons\commons-compress\1.26.2\commons-compress-1.26.2.jar;C:\Users\satis\.m2\repository\org\apache\httpcomponents\client5\httpclient5\5.2.1\httpclient5-5.2.1.jar;C:\Users\satis\.m2\repository\org\apache\httpcomponents\core5\httpcore5\5.2\httpcore5-5.2.jar;C:\Users\satis\.m2\repository\org\apache\httpcomponents\core5\httpcore5-h2\5.2\httpcore5-h2-5.2.jar;C:\Users\satis\.m2\repository\org\slf4j\slf4j-api\2.0.16\slf4j-api-2.0.16.jar;C:\Users\satis\.m2\repository\org\apache\logging\log4j\log4j-slf4j-impl\2.24.3\log4j-slf4j-impl-2.24.3.jar;C:\Users\satis\.m2\repository\org\apache\poi\poi\5.3.0\poi-5.3.0.jar;C:\Users\satis\.m2\repository\commons-codec\commons-codec\1.17.0\commons-codec-1.17.0.jar;C:\Users\satis\.m2\repository\org\apache\commons\commons-collections4\4.4\commons-collections4-4.4.jar;C:\Users\satis\.m2\repository\org\apache\commons\commons-math3\3.6.1\commons-math3-3.6.1.jar;C:\Users\satis\.m2\repository\commons-io\commons-io\2.16.1\commons-io-2.16.1.jar;C:\Users\satis\.m2\repository\com\zaxxer\SparseBitSet\1.3\SparseBitSet-1.3.jar;C:\Users\satis\.m2\repository\org\apache\poi\poi-ooxml\5.3.0\poi-ooxml-5.3.0.jar;C:\Users\satis\.m2\repository\org\apache\poi\poi-ooxml-lite\5.3.0\poi-ooxml-lite-5.3.0.jar;C:\Users\satis\.m2\repository\org\apache\xmlbeans\xmlbeans\5.2.1\xmlbeans-5.2.1.jar;C:\Users\satis\.m2\repository\com\github\virtuald\curvesapi\1.08\curvesapi-1.08.jar;"/>
    <property name="sun.cpu.endian" value="little"/>
    <property name="user.home" value="C:\Users\satis"/>
    <property name="user.language" value="en"/>
    <property name="java.specification.vendor" value="Oracle Corporation"/>
    <property name="java.version.date" value="2024-07-16"/>
    <property name="java.home" value="C:\Program Files\Java\jdk-17"/>
    <property name="file.separator" value="\"/>
    <property name="basedir" value="D:\WorkSpace_Selenium\orangeHRM.TestNG86"/>
    <property name="java.vm.compressedOopsMode" value="Zero based"/>
    <property name="line.separator" value="&#10;"/>
    <property name="java.vm.specification.vendor" value="Oracle Corporation"/>
    <property name="java.specification.name" value="Java Platform API Specification"/>
    <property name="surefire.real.class.path" value="C:\Users\satis\AppData\Local\Temp\surefire9914110052720757881\surefirebooter-20250103064843076_3.jar"/>
    <property name="user.script" value=""/>
    <property name="sun.management.compiler" value="HotSpot 64-Bit Tiered Compilers"/>
    <property name="java.runtime.version" value="17.0.12+8-LTS-286"/>
    <property name="user.name" value="satis"/>
    <property name="path.separator" value=";"/>
    <property name="os.version" value="10.0"/>
    <property name="java.runtime.name" value="Java(TM) SE Runtime Environment"/>
    <property name="file.encoding" value="Cp1252"/>
    <property name="logLevel" value="DEBUG"/>
    <property name="browser" value="chrome"/>
    <property name="java.vm.name" value="Java HotSpot(TM) 64-Bit Server VM"/>
    <property name="localRepository" value="C:\Users\satis\.m2\repository"/>
    <property name="java.vendor.url.bug" value="https://bugreport.java.com/bugreport/"/>
    <property name="java.io.tmpdir" value="C:\Users\satis\AppData\Local\Temp\"/>
    <property name="java.version" value="17.0.12"/>
    <property name="user.dir" value="D:\WorkSpace_Selenium\orangeHRM.TestNG86"/>
    <property name="os.arch" value="amd64"/>
    <property name="java.vm.specification.name" value="Java Virtual Machine Specification"/>
    <property name="env" value="dev"/>
    <property name="sun.os.patch.level" value=""/>
    <property name="native.encoding" value="Cp1252"/>
    <property name="java.library.path" value="C:\Program Files\Java\jdk-17\bin;C:\WINDOWS\Sun\Java\bin;C:\WINDOWS\system32;C:\WINDOWS;C:\Program Files\Java\jdk-17\bin;D:\VMware\VMware Workstation\bin\;C:\Program Files\Eclipse Adoptium\jdk-11.0.24.8-hotspot\bin;C:\Program Files\Common Files\Oracle\Java\javapath;C:\WINDOWS\system32;C:\WINDOWS;C:\WINDOWS\System32\Wbem;C:\WINDOWS\System32\WindowsPowerShell\v1.0\;C:\WINDOWS\System32\OpenSSH\;C:\Program Files (x86)\Groovy\bin;C:\Program Files\MySQL\MySQL Server 8.0\bin;C:\Program Files\Maven\apache-maven-3.9.6\bin;C:\Program Files\apache-jmeter-5.6.2\apache-jmeter-5.6.2\bin;C:\Program Files\Docker\Docker\resources\bin;C:\Program Files\Kubectl;C:\Program Files\nodejs\;C:\ProgramData\chocolatey\bin;C:\Program Files\nodejs;C:\Program Files\dotnet\;C:\Program Files\Java\jdk-17\bin;C:\Program Files\Java\jdk-17\jre\bin;C:\Program Files\Git\cmd;C:\Program Files\allure-2.32.0\bin;C:\Users\satis\AppData\Local\Programs\Python\Python312\Scripts\;C:\Users\satis\AppData\Local\Programs\Python\Python312\;C:\Program Files\MySQL\MySQL Shell 8.0\bin\;C:\Users\satis\AppData\Local\Microsoft\WindowsApps;C:\Users\satis\AppData\Local\Programs\Microsoft VS Code\bin;C:\Users\satis\AppData\Local\GitHubDesktop\bin;C:\Program Files\allure-2.28.0\bin;C:\Program Files\JetBrains\IntelliJ IDEA 2024.1.4\bin;C:\Users\satis\AppData\Roaming\npm;C:\Program Files\JetBrains\IntelliJ IDEA Community Edition 2024.3.1\bin;;."/>
    <property name="java.vm.info" value="mixed mode, sharing"/>
    <property name="java.vendor" value="Oracle Corporation"/>
    <property name="java.vm.version" value="17.0.12+8-LTS-286"/>
    <property name="sun.io.unicode.encoding" value="UnicodeLittle"/>
    <property name="java.class.version" value="61.0"/>
  </properties>
  <testcase name="testLoginWithEmptyCredentials" classname="com.orangehrm.testng.tests.TC_Login_EmptyCredentials" time="0.0">
    <skipped message="Username error validation expected [Require] but found [Required]"/>
    <system-out><![CDATA[2025-01-03T01:18:43.993981300Z main ERROR Delete contains an invalid element or attribute "Then"
2025-01-03T01:18:44.014983700Z main INFO Starting configuration XmlConfiguration[location=D:\WorkSpace_Selenium\orangeHRM.TestNG86\target\classes\log4j2.xml, lastModified=2024-12-19T07:09:31.477Z]...
2025-01-03T01:18:44.014983700Z main INFO Start watching for changes to D:\WorkSpace_Selenium\orangeHRM.TestNG86\target\classes\log4j2.xml every 0 seconds
2025-01-03T01:18:44.014983700Z main INFO Configuration XmlConfiguration[location=D:\WorkSpace_Selenium\orangeHRM.TestNG86\target\classes\log4j2.xml, lastModified=2024-12-19T07:09:31.477Z] started.
2025-01-03T01:18:44.016981300Z main INFO Stopping configuration org.apache.logging.log4j.core.config.DefaultConfiguration@f14a7d4...
2025-01-03T01:18:44.016981300Z main INFO Configuration org.apache.logging.log4j.core.config.DefaultConfiguration@f14a7d4 stopped.
06:48:44.024 [main] INFO  com.orangehrm.testng.reports.ExtentReportManager - Initializing ExtentReports...
06:48:44.059 [main] INFO  com.orangehrm.testng.reports.ExtentReportManager - Loaded JSON configuration: src/test/resources/extent-config.json
06:48:44.156 [main] INFO  com.orangehrm.testng.reports.ExtentReportManager - ExtentReports initialized with report path: extent-results/SparkReport
06:48:44.269 [main] INFO  com.orangehrm.testng.utils.ConfigManager - Resolved environment: dev
06:48:44.272 [main] INFO  com.orangehrm.testng.utils.PropertiesConfigurationProvider - Loaded configuration for environment: dev
06:48:44.310 [main] INFO  com.orangehrm.testng.basetest.BaseTest - Clearing Allure results at: D:\WorkSpace_Selenium\orangeHRM.TestNG86\allure-results
06:48:44.326 [main] INFO  com.orangehrm.testng.basetest.BaseTest - Allure results cleared successfully.
06:48:44.334 [main] INFO  com.orangehrm.testng.utils.LogUtil - Test Context Started: SanityTests
06:48:44.336 [main] INFO  com.orangehrm.testng.reports.AllureReportManager - Allure results directory exists at: D:\WorkSpace_Selenium\orangeHRM.TestNG86\allure-results
06:48:44.337 [main] INFO  com.orangehrm.testng.reports.AllureReportManager - Logging step: Test Context Started: SanityTests
06:48:44.337 [main] INFO  com.orangehrm.testng.utils.LogUtil - Test Context Started: SanityTests
06:48:44.338 [main] ERROR com.orangehrm.testng.reports.ExtentReportManager - Attempted to get current test but no test is set.
06:48:44.338 [main] ERROR com.orangehrm.testng.utils.LogUtil - Test object is null during context start for: SanityTests
06:48:49.527 [TestNG-test-SanityTests-4] INFO  com.orangehrm.testng.basetest.BaseTest - Navigating to Login URL: https://opensource-demo.orangehrmlive.com/web/index.php/auth/login
06:48:49.572 [TestNG-test-SanityTests-1] INFO  com.orangehrm.testng.basetest.BaseTest - Navigating to Login URL: https://opensource-demo.orangehrmlive.com/web/index.php/auth/login
06:48:49.667 [TestNG-test-SanityTests-3] INFO  com.orangehrm.testng.basetest.BaseTest - Navigating to Login URL: https://opensource-demo.orangehrmlive.com/web/index.php/auth/login
06:48:49.867 [TestNG-test-SanityTests-2] INFO  com.orangehrm.testng.basetest.BaseTest - Navigating to Login URL: https://opensource-demo.orangehrmlive.com/web/index.php/auth/login
06:48:50.099 [TestNG-test-SanityTests-4] INFO  com.orangehrm.testng.utils.LogUtil - Test Started: testResetPassword at 2025-01-03T06:48:50.099036200
06:48:50.100 [TestNG-test-SanityTests-4] INFO  com.orangehrm.testng.reports.AllureReportManager - Logging step: Test Started: testResetPassword
06:48:50.101 [TestNG-test-SanityTests-4] INFO  com.orangehrm.testng.reports.ExtentReportManager - Creating test: TC_Login_ResetPassword.testResetPassword - Verify the reset password functionality of OrangeHRM
06:48:50.108 [TestNG-test-SanityTests-4] INFO  com.orangehrm.testng.utils.LogUtil - Test Started: testResetPassword at 2025-01-03T06:48:50.108037600
06:48:50.111 [TestNG-test-SanityTests-4] INFO  com.orangehrm.testng.reports.ExtentReportManager - Added test method info: testResetPassword
06:48:50.111 [TestNG-test-SanityTests-4] INFO  com.orangehrm.testng.utils.LogUtil - Test started: TC_Login_ResetPassword.testResetPassword
06:48:50.112 [TestNG-test-SanityTests-4] INFO  com.orangehrm.testng.utils.LogUtil - Clicking on forgot password link.
06:48:50.183 [TestNG-test-SanityTests-1] INFO  com.orangehrm.testng.utils.LoginDataUtil - Loading test data from Excel file: D:\WorkSpace_Selenium\orangeHRM.TestNG86\src\test\resources\loginData.xlsx
06:48:50.221 [TestNG-test-SanityTests-3] INFO  com.orangehrm.testng.utils.LogUtil - Test Started: testLoginWithEmptyCredentials at 2025-01-03T06:48:50.220038
06:48:50.221 [TestNG-test-SanityTests-3] INFO  com.orangehrm.testng.reports.AllureReportManager - Logging step: Test Started: testLoginWithEmptyCredentials
06:48:50.222 [TestNG-test-SanityTests-3] INFO  com.orangehrm.testng.reports.ExtentReportManager - Creating test: TC_Login_EmptyCredentials.testLoginWithEmptyCredentials - Verify the login functionality of OrangeHRM with empty credentials to validate required field errors
06:48:50.223 [TestNG-test-SanityTests-3] INFO  com.orangehrm.testng.utils.LogUtil - Test Started: testLoginWithEmptyCredentials at 2025-01-03T06:48:50.223036600
06:48:50.223 [TestNG-test-SanityTests-3] INFO  com.orangehrm.testng.reports.ExtentReportManager - Added test method info: testLoginWithEmptyCredentials
06:48:50.223 [TestNG-test-SanityTests-3] INFO  com.orangehrm.testng.utils.LogUtil - Test started: TC_Login_EmptyCredentials.testLoginWithEmptyCredentials
06:48:50.224 [TestNG-test-SanityTests-3] INFO  com.orangehrm.testng.basetest.BaseTest - Parameters - Username: , Password: 
06:48:50.286 [TestNG-test-SanityTests-3] INFO  com.orangehrm.testng.utils.LogUtil - Entered username: 
06:48:50.352 [TestNG-test-SanityTests-3] INFO  com.orangehrm.testng.utils.LogUtil - Entered password: 
06:48:50.442 [TestNG-test-SanityTests-3] INFO  com.orangehrm.testng.utils.LogUtil - Clicked login button
06:48:50.484 [TestNG-test-SanityTests-2] INFO  com.orangehrm.testng.utils.LoginDataUtil - Loading test data from JSON file: D:\WorkSpace_Selenium\orangeHRM.TestNG86\src\test\resources\loginData.json
06:48:50.509 [TestNG-test-SanityTests-3] WARN  com.orangehrm.testng.utils.LogUtil - Test Skipped: testLoginWithEmptyCredentials
06:48:50.510 [TestNG-test-SanityTests-3] WARN  com.orangehrm.testng.reports.ExtentReportManager - Test skipped: testLoginWithEmptyCredentials
06:48:50.510 [TestNG-test-SanityTests-3] INFO  com.orangehrm.testng.utils.LogUtil - Test skipped: testLoginWithEmptyCredentials
06:48:50.510 [TestNG-test-SanityTests-3] WARN  com.orangehrm.testng.utils.LogUtil - Test Skipped: testLoginWithEmptyCredentials
06:48:50.510 [TestNG-test-SanityTests-3] INFO  com.orangehrm.testng.reports.AllureReportManager - Logging step: Test Skipped: testLoginWithEmptyCredentials
]]></system-out>
    <system-err><![CDATA[SLF4J(W): No SLF4J providers were found.
SLF4J(W): Defaulting to no-operation (NOP) logger implementation
SLF4J(W): See https://www.slf4j.org/codes.html#noProviders for further details.
SLF4J(W): Class path contains SLF4J bindings targeting slf4j-api versions 1.7.x or earlier.
SLF4J(W): Ignoring binding found at [jar:file:/C:/Users/satis/.m2/repository/org/apache/logging/log4j/log4j-slf4j-impl/2.24.3/log4j-slf4j-impl-2.24.3.jar!/org/slf4j/impl/StaticLoggerBinder.class]
SLF4J(W): See https://www.slf4j.org/codes.html#ignoredBindings for an explanation.
]]></system-err>
  </testcase>
  <testcase name="testLoginWithEmptyCredentials" classname="com.orangehrm.testng.tests.TC_Login_EmptyCredentials" time="0.0">
    <skipped message="Username error validation expected [Require] but found [Required]"/>
    <system-out><![CDATA[06:48:50.585 [TestNG-test-SanityTests-3] INFO  com.orangehrm.testng.utils.LogUtil - Test Started: testLoginWithEmptyCredentials at 2025-01-03T06:48:50.585038300
06:48:50.585 [TestNG-test-SanityTests-3] INFO  com.orangehrm.testng.reports.AllureReportManager - Logging step: Test Started: testLoginWithEmptyCredentials
06:48:50.586 [TestNG-test-SanityTests-3] INFO  com.orangehrm.testng.reports.ExtentReportManager - Creating test: TC_Login_EmptyCredentials.testLoginWithEmptyCredentials - Verify the login functionality of OrangeHRM with empty credentials to validate required field errors
06:48:50.587 [TestNG-test-SanityTests-3] INFO  com.orangehrm.testng.utils.LogUtil - Test Started: testLoginWithEmptyCredentials at 2025-01-03T06:48:50.586039500
06:48:50.587 [TestNG-test-SanityTests-3] INFO  com.orangehrm.testng.reports.ExtentReportManager - Added test method info: testLoginWithEmptyCredentials
06:48:50.587 [TestNG-test-SanityTests-3] INFO  com.orangehrm.testng.utils.LogUtil - Test started: TC_Login_EmptyCredentials.testLoginWithEmptyCredentials
06:48:50.588 [TestNG-test-SanityTests-3] INFO  com.orangehrm.testng.basetest.BaseTest - Parameters - Username: , Password: 
06:48:50.612 [TestNG-test-SanityTests-2] INFO  com.orangehrm.testng.utils.LogUtil - Test Started: testLoginWithInvalidCredentials at 2025-01-03T06:48:50.611037800
06:48:50.612 [TestNG-test-SanityTests-2] INFO  com.orangehrm.testng.reports.AllureReportManager - Logging step: Test Started: testLoginWithInvalidCredentials
06:48:50.612 [TestNG-test-SanityTests-2] INFO  com.orangehrm.testng.reports.ExtentReportManager - Creating test: TC_Login_InvalidCredentials.testLoginWithInvalidCredentials - Verify the login functionality of OrangeHRM with invalid credentials
06:48:50.613 [TestNG-test-SanityTests-2] INFO  com.orangehrm.testng.utils.LogUtil - Test Started: testLoginWithInvalidCredentials at 2025-01-03T06:48:50.613036900
06:48:50.614 [TestNG-test-SanityTests-2] INFO  com.orangehrm.testng.reports.ExtentReportManager - Added test method info: testLoginWithInvalidCredentials
06:48:50.614 [TestNG-test-SanityTests-2] INFO  com.orangehrm.testng.utils.LogUtil - Test started: TC_Login_InvalidCredentials.testLoginWithInvalidCredentials
06:48:50.614 [TestNG-test-SanityTests-2] INFO  com.orangehrm.testng.utils.LogUtil - Starting test: testLoginWithInvalidCredentials with username: Adm
06:48:50.615 [TestNG-test-SanityTests-2] INFO  com.orangehrm.testng.basetest.BaseTest - Parameters - Username: Adm, Password: admin123
06:48:50.615 [TestNG-test-SanityTests-2] INFO  com.orangehrm.testng.utils.LogUtil - Performing login with username: Adm and password: admin123
06:48:50.615 [TestNG-test-SanityTests-2] INFO  com.orangehrm.testng.basetest.BaseTest - Parameters - Username: Adm, Password: admin123
06:48:50.667 [TestNG-test-SanityTests-3] INFO  com.orangehrm.testng.utils.LogUtil - Entered username: 
06:48:50.700 [TestNG-test-SanityTests-2] INFO  com.orangehrm.testng.utils.LogUtil - Entered username: Adm
06:48:50.729 [TestNG-test-SanityTests-3] INFO  com.orangehrm.testng.utils.LogUtil - Entered password: 
06:48:50.748 [TestNG-test-SanityTests-1] INFO  com.orangehrm.testng.utils.LogUtil - Test Started: testLoginWithValidCredentials at 2025-01-03T06:48:50.748042
06:48:50.749 [TestNG-test-SanityTests-1] INFO  com.orangehrm.testng.reports.AllureReportManager - Logging step: Test Started: testLoginWithValidCredentials
06:48:50.749 [TestNG-test-SanityTests-1] INFO  com.orangehrm.testng.reports.ExtentReportManager - Creating test: TC_Login_ValidCredentials.testLoginWithValidCredentials - Verify the login functionality of OrangeHRM with valid credentials
06:48:50.750 [TestNG-test-SanityTests-1] INFO  com.orangehrm.testng.utils.LogUtil - Test Started: testLoginWithValidCredentials at 2025-01-03T06:48:50.750041800
06:48:50.751 [TestNG-test-SanityTests-1] INFO  com.orangehrm.testng.reports.ExtentReportManager - Added test method info: testLoginWithValidCredentials
06:48:50.751 [TestNG-test-SanityTests-1] INFO  com.orangehrm.testng.utils.LogUtil - Test started: TC_Login_ValidCredentials.testLoginWithValidCredentials
06:48:50.752 [TestNG-test-SanityTests-1] INFO  com.orangehrm.testng.utils.LogUtil - Starting test: testLoginWithValidCredentials with username: Admin
06:48:50.752 [TestNG-test-SanityTests-1] INFO  com.orangehrm.testng.basetest.BaseTest - Parameters - Username: Admin, Password: admin123
06:48:50.752 [TestNG-test-SanityTests-1] INFO  com.orangehrm.testng.utils.LogUtil - Performing login with username: Adminand password: admin123
06:48:50.753 [TestNG-test-SanityTests-1] INFO  com.orangehrm.testng.basetest.BaseTest - Parameters - Username: Admin, Password: admin123
06:48:50.779 [TestNG-test-SanityTests-2] INFO  com.orangehrm.testng.utils.LogUtil - Entered password: admin123
06:48:50.810 [TestNG-test-SanityTests-3] INFO  com.orangehrm.testng.utils.LogUtil - Clicked login button
06:48:50.818 [TestNG-test-SanityTests-1] INFO  com.orangehrm.testng.utils.LogUtil - Entered username: Admin
06:48:50.835 [TestNG-test-SanityTests-3] WARN  com.orangehrm.testng.utils.LogUtil - Test Skipped: testLoginWithEmptyCredentials
06:48:50.836 [TestNG-test-SanityTests-3] WARN  com.orangehrm.testng.reports.ExtentReportManager - Test skipped: testLoginWithEmptyCredentials
06:48:50.836 [TestNG-test-SanityTests-3] INFO  com.orangehrm.testng.utils.LogUtil - Test skipped: testLoginWithEmptyCredentials
06:48:50.836 [TestNG-test-SanityTests-3] WARN  com.orangehrm.testng.utils.LogUtil - Test Skipped: testLoginWithEmptyCredentials
06:48:50.836 [TestNG-test-SanityTests-3] INFO  com.orangehrm.testng.reports.AllureReportManager - Logging step: Test Skipped: testLoginWithEmptyCredentials
]]></system-out>
  </testcase>
  <testcase name="testLoginWithEmptyCredentials" classname="com.orangehrm.testng.tests.TC_Login_EmptyCredentials" time="0.567">
    <failure message="Username error validation expected [Require] but found [Required]" type="java.lang.AssertionError"><![CDATA[java.lang.AssertionError: Username error validation expected [Require] but found [Required]
	at org.testng.Assert.fail(Assert.java:111)
	at org.testng.Assert.failNotEquals(Assert.java:1578)
	at org.testng.Assert.assertEqualsImpl(Assert.java:150)
	at org.testng.Assert.assertEquals(Assert.java:132)
	at org.testng.Assert.assertEquals(Assert.java:656)
	at com.orangehrm.testng.tests.TC_Login_EmptyCredentials.testLoginWithEmptyCredentials(TC_Login_EmptyCredentials.java:39)
	at java.base/jdk.internal.reflect.NativeMethodAccessorImpl.invoke0(Native Method)
	at java.base/jdk.internal.reflect.NativeMethodAccessorImpl.invoke(NativeMethodAccessorImpl.java:77)
	at java.base/jdk.internal.reflect.DelegatingMethodAccessorImpl.invoke(DelegatingMethodAccessorImpl.java:43)
	at java.base/java.lang.reflect.Method.invoke(Method.java:568)
	at org.testng.internal.invokers.MethodInvocationHelper.invokeMethod(MethodInvocationHelper.java:141)
	at org.testng.internal.invokers.TestInvoker.invokeMethod(TestInvoker.java:686)
	at org.testng.internal.invokers.TestInvoker.retryFailed(TestInvoker.java:269)
	at org.testng.internal.invokers.MethodRunner.runInSequence(MethodRunner.java:76)
	at org.testng.internal.invokers.TestInvoker$MethodInvocationAgent.invoke(TestInvoker.java:992)
	at org.testng.internal.invokers.TestInvoker.invokeTestMethods(TestInvoker.java:203)
	at org.testng.internal.invokers.TestMethodWorker.invokeTestMethods(TestMethodWorker.java:154)
	at org.testng.internal.invokers.TestMethodWorker.run(TestMethodWorker.java:134)
	at java.base/java.util.concurrent.Executors$RunnableAdapter.call(Executors.java:539)
	at java.base/java.util.concurrent.FutureTask.run(FutureTask.java:264)
	at org.testng.internal.thread.graph.TestNGFutureTask.run(TestNGFutureTask.java:22)
	at java.base/java.util.concurrent.ThreadPoolExecutor.runWorker(ThreadPoolExecutor.java:1136)
	at java.base/java.util.concurrent.ThreadPoolExecutor$Worker.run(ThreadPoolExecutor.java:635)
	at java.base/java.lang.Thread.run(Thread.java:842)
]]></failure>
    <system-out><![CDATA[06:48:50.842 [TestNG-test-SanityTests-3] INFO  com.orangehrm.testng.utils.LogUtil - Test Started: testLoginWithEmptyCredentials at 2025-01-03T06:48:50.842037100
06:48:50.843 [TestNG-test-SanityTests-3] INFO  com.orangehrm.testng.reports.AllureReportManager - Logging step: Test Started: testLoginWithEmptyCredentials
06:48:50.843 [TestNG-test-SanityTests-3] INFO  com.orangehrm.testng.reports.ExtentReportManager - Creating test: TC_Login_EmptyCredentials.testLoginWithEmptyCredentials - Verify the login functionality of OrangeHRM with empty credentials to validate required field errors
06:48:50.844 [TestNG-test-SanityTests-3] INFO  com.orangehrm.testng.utils.LogUtil - Test Started: testLoginWithEmptyCredentials at 2025-01-03T06:48:50.844039800
06:48:50.844 [TestNG-test-SanityTests-3] INFO  com.orangehrm.testng.reports.ExtentReportManager - Added test method info: testLoginWithEmptyCredentials
06:48:50.845 [TestNG-test-SanityTests-3] INFO  com.orangehrm.testng.utils.LogUtil - Test started: TC_Login_EmptyCredentials.testLoginWithEmptyCredentials
06:48:50.845 [TestNG-test-SanityTests-3] INFO  com.orangehrm.testng.basetest.BaseTest - Parameters - Username: , Password: 
06:48:50.908 [TestNG-test-SanityTests-1] INFO  com.orangehrm.testng.utils.LogUtil - Entered password: admin123
06:48:50.910 [TestNG-test-SanityTests-3] INFO  com.orangehrm.testng.utils.LogUtil - Entered username: 
06:48:50.928 [TestNG-test-SanityTests-4] INFO  com.orangehrm.testng.utils.LogUtil - Clicked forgot password link
06:48:50.958 [TestNG-test-SanityTests-3] INFO  com.orangehrm.testng.utils.LogUtil - Entered password: 
06:48:51.022 [TestNG-test-SanityTests-3] INFO  com.orangehrm.testng.utils.LogUtil - Clicked login button
06:48:51.245 [TestNG-test-SanityTests-3] INFO  com.orangehrm.testng.reports.ExtentReportManager - Screenshot attached: Failure_testLoginWithEmptyCredentials_Username_error_validation_expected_Require_but_found_Required.png
06:48:51.245 [TestNG-test-SanityTests-3] ERROR com.orangehrm.testng.reports.ExtentReportManager - Test failed: testLoginWithEmptyCredentials. Duration: 203 ms. Reason: java.lang.AssertionError: Username error validation expected [Require] but found [Required]
06:48:51.246 [TestNG-test-SanityTests-3] ERROR com.orangehrm.testng.utils.LogUtil - Test failed: testLoginWithEmptyCredentials | Duration: 203 ms
06:48:51.246 [TestNG-test-SanityTests-3] ERROR com.orangehrm.testng.utils.LogUtil - Test Failed: testLoginWithEmptyCredentials Duration: 404 ms
06:48:51.406 [TestNG-test-SanityTests-3] INFO  com.orangehrm.testng.utils.ScreenshotUtil - Saving screenshot at: extent-results/screenshots/testLoginWithEmptyCredentials.png
06:48:51.410 [TestNG-test-SanityTests-3] ERROR com.orangehrm.testng.reports.AllureReportManager - Error logged at 2025-01-03 06:48:51 in step: Test Failure - testLoginWithEmptyCredentials. Message: Test failed
06:48:51.411 [TestNG-test-SanityTests-3] INFO  com.orangehrm.testng.reports.AllureReportManager - Logging step: Test Failed: testLoginWithEmptyCredentials
]]></system-out>
  </testcase>
  <testcase name="testLoginWithInvalidCredentials[Adm, admin123, Invalid Credentials](1)" classname="com.orangehrm.testng.tests.TC_Login_InvalidCredentials" time="1.682">
    <system-out><![CDATA[06:48:51.469 [TestNG-test-SanityTests-4] INFO  com.orangehrm.testng.utils.LogUtil - Entering username and clicking reset password.
06:48:51.514 [TestNG-test-SanityTests-3] INFO  com.orangehrm.testng.utils.LogUtil - Browser closed and WebDriver instance cleaned.
06:48:51.524 [TestNG-test-SanityTests-4] INFO  com.orangehrm.testng.utils.LogUtil - Entered username: Admin
06:48:51.585 [TestNG-test-SanityTests-4] INFO  com.orangehrm.testng.utils.LogUtil - Clicked login button
06:48:51.985 [TestNG-test-SanityTests-2] INFO  com.orangehrm.testng.utils.LogUtil - Clicked login button
06:48:52.526 [TestNG-test-SanityTests-2] INFO  com.orangehrm.testng.utils.LogUtil - Test Passed: testLoginWithInvalidCredentials Duration: 1683 ms
06:48:52.526 [TestNG-test-SanityTests-2] INFO  com.orangehrm.testng.reports.ExtentReportManager - Test passed: testLoginWithInvalidCredentials. Duration: 1683 ms
06:48:52.526 [TestNG-test-SanityTests-2] INFO  com.orangehrm.testng.utils.LogUtil - Test passed: testLoginWithInvalidCredentials | Duration: 1683 ms
06:48:52.526 [TestNG-test-SanityTests-2] INFO  com.orangehrm.testng.utils.LogUtil - Test Passed: testLoginWithInvalidCredentials Duration: 1684 ms
06:48:52.527 [TestNG-test-SanityTests-2] INFO  com.orangehrm.testng.reports.AllureReportManager - Logging step: Test Passed: testLoginWithInvalidCredentials
]]></system-out>
  </testcase>
  <testcase name="testLoginWithInvalidCredentials[Admin, admin, Invalid Credentials](2)" classname="com.orangehrm.testng.tests.TC_Login_InvalidCredentials" time="1.931">
    <system-out><![CDATA[06:48:53.622 [TestNG-test-SanityTests-1] INFO  com.orangehrm.testng.utils.LogUtil - Browser closed and WebDriver instance cleaned.
06:48:53.623 [TestNG-test-SanityTests-4] INFO  com.orangehrm.testng.utils.LogUtil - Browser closed and WebDriver instance cleaned.
06:48:54.451 [TestNG-test-SanityTests-2] INFO  com.orangehrm.testng.utils.LogUtil - Test Passed: testLoginWithInvalidCredentials Duration: 1920 ms
06:48:54.451 [TestNG-test-SanityTests-2] INFO  com.orangehrm.testng.reports.ExtentReportManager - Test passed: testLoginWithInvalidCredentials. Duration: 1920 ms
06:48:54.451 [TestNG-test-SanityTests-2] INFO  com.orangehrm.testng.utils.LogUtil - Test passed: testLoginWithInvalidCredentials | Duration: 1920 ms
06:48:54.452 [TestNG-test-SanityTests-2] INFO  com.orangehrm.testng.utils.LogUtil - Test Passed: testLoginWithInvalidCredentials Duration: 1922 ms
06:48:54.452 [TestNG-test-SanityTests-2] INFO  com.orangehrm.testng.reports.AllureReportManager - Logging step: Test Passed: testLoginWithInvalidCredentials
]]></system-out>
  </testcase>
  <testcase name="testLoginWithInvalidCredentials[Adm, admin, Invalid Credentials](3)" classname="com.orangehrm.testng.tests.TC_Login_InvalidCredentials" time="1.533">
    <system-out><![CDATA[06:48:54.455 [TestNG-test-SanityTests-2] INFO  com.orangehrm.testng.utils.LogUtil - Test Started: testLoginWithInvalidCredentials at 2025-01-03T06:48:54.455677400
06:48:54.456 [TestNG-test-SanityTests-2] INFO  com.orangehrm.testng.reports.AllureReportManager - Logging step: Test Started: testLoginWithInvalidCredentials
06:48:54.456 [TestNG-test-SanityTests-2] INFO  com.orangehrm.testng.reports.ExtentReportManager - Creating test: TC_Login_InvalidCredentials.testLoginWithInvalidCredentials - Verify the login functionality of OrangeHRM with invalid credentials
06:48:54.456 [TestNG-test-SanityTests-2] INFO  com.orangehrm.testng.utils.LogUtil - Test Started: testLoginWithInvalidCredentials at 2025-01-03T06:48:54.456677600
06:48:54.456 [TestNG-test-SanityTests-2] INFO  com.orangehrm.testng.reports.ExtentReportManager - Added test method info: testLoginWithInvalidCredentials
06:48:54.457 [TestNG-test-SanityTests-2] INFO  com.orangehrm.testng.utils.LogUtil - Test started: TC_Login_InvalidCredentials.testLoginWithInvalidCredentials
06:48:54.457 [TestNG-test-SanityTests-2] INFO  com.orangehrm.testng.utils.LogUtil - Starting test: testLoginWithInvalidCredentials with username: Adm
06:48:54.457 [TestNG-test-SanityTests-2] INFO  com.orangehrm.testng.basetest.BaseTest - Parameters - Username: Adm, Password: admin
06:48:54.457 [TestNG-test-SanityTests-2] INFO  com.orangehrm.testng.utils.LogUtil - Performing login with username: Adm and password: admin
06:48:54.457 [TestNG-test-SanityTests-2] INFO  com.orangehrm.testng.basetest.BaseTest - Parameters - Username: Adm, Password: admin
06:48:54.489 [TestNG-test-SanityTests-2] INFO  com.orangehrm.testng.utils.LogUtil - Entered username: Adm
06:48:54.539 [TestNG-test-SanityTests-2] INFO  com.orangehrm.testng.utils.LogUtil - Entered password: admin
06:48:55.451 [TestNG-test-SanityTests-2] INFO  com.orangehrm.testng.utils.LogUtil - Clicked login button
06:48:55.983 [TestNG-test-SanityTests-2] INFO  com.orangehrm.testng.utils.LogUtil - Test Passed: testLoginWithInvalidCredentials Duration: 1527 ms
06:48:55.983 [TestNG-test-SanityTests-2] INFO  com.orangehrm.testng.reports.ExtentReportManager - Test passed: testLoginWithInvalidCredentials. Duration: 1527 ms
06:48:55.983 [TestNG-test-SanityTests-2] INFO  com.orangehrm.testng.utils.LogUtil - Test passed: testLoginWithInvalidCredentials | Duration: 1527 ms
06:48:55.983 [TestNG-test-SanityTests-2] INFO  com.orangehrm.testng.utils.LogUtil - Test Passed: testLoginWithInvalidCredentials Duration: 1528 ms
06:48:55.984 [TestNG-test-SanityTests-2] INFO  com.orangehrm.testng.reports.AllureReportManager - Logging step: Test Passed: testLoginWithInvalidCredentials
]]></system-out>
  </testcase>
  <testcase name="testLoginWithValidCredentials[Admin, admin123, Valid Credentials](1)" classname="com.orangehrm.testng.tests.TC_Login_ValidCredentials" time="0.921">
    <system-out><![CDATA[06:48:52.530 [TestNG-test-SanityTests-2] INFO  com.orangehrm.testng.utils.LogUtil - Test Started: testLoginWithInvalidCredentials at 2025-01-03T06:48:52.530263400
06:48:52.531 [TestNG-test-SanityTests-2] INFO  com.orangehrm.testng.reports.AllureReportManager - Logging step: Test Started: testLoginWithInvalidCredentials
06:48:52.531 [TestNG-test-SanityTests-2] INFO  com.orangehrm.testng.reports.ExtentReportManager - Creating test: TC_Login_InvalidCredentials.testLoginWithInvalidCredentials - Verify the login functionality of OrangeHRM with invalid credentials
06:48:52.531 [TestNG-test-SanityTests-2] INFO  com.orangehrm.testng.utils.LogUtil - Test Started: testLoginWithInvalidCredentials at 2025-01-03T06:48:52.531262700
06:48:52.531 [TestNG-test-SanityTests-2] INFO  com.orangehrm.testng.reports.ExtentReportManager - Added test method info: testLoginWithInvalidCredentials
06:48:52.531 [TestNG-test-SanityTests-2] INFO  com.orangehrm.testng.utils.LogUtil - Test started: TC_Login_InvalidCredentials.testLoginWithInvalidCredentials
06:48:52.531 [TestNG-test-SanityTests-2] INFO  com.orangehrm.testng.utils.LogUtil - Starting test: testLoginWithInvalidCredentials with username: Admin
06:48:52.532 [TestNG-test-SanityTests-2] INFO  com.orangehrm.testng.basetest.BaseTest - Parameters - Username: Admin, Password: admin
06:48:52.532 [TestNG-test-SanityTests-2] INFO  com.orangehrm.testng.utils.LogUtil - Performing login with username: Admin and password: admin
06:48:52.532 [TestNG-test-SanityTests-2] INFO  com.orangehrm.testng.basetest.BaseTest - Parameters - Username: Admin, Password: admin
06:48:52.565 [TestNG-test-SanityTests-2] INFO  com.orangehrm.testng.utils.LogUtil - Entered username: Admin
06:48:52.607 [TestNG-test-SanityTests-2] INFO  com.orangehrm.testng.utils.LogUtil - Entered password: admin
06:48:52.660 [TestNG-test-SanityTests-2] INFO  com.orangehrm.testng.utils.LogUtil - Clicked login button
06:48:52.909 [TestNG-test-SanityTests-1] INFO  com.orangehrm.testng.utils.LogUtil - Clicked login button
06:48:53.441 [TestNG-test-SanityTests-1] INFO  com.orangehrm.testng.utils.LogUtil - Login successful with valid credentials.
06:48:53.442 [TestNG-test-SanityTests-1] INFO  com.orangehrm.testng.utils.LogUtil - Dashboard displayed successfully.
06:48:53.442 [TestNG-test-SanityTests-1] INFO  com.orangehrm.testng.utils.LogUtil - Test Passed: testLoginWithValidCredentials Duration: 911 ms
06:48:53.442 [TestNG-test-SanityTests-1] INFO  com.orangehrm.testng.reports.ExtentReportManager - Test passed: testLoginWithValidCredentials. Duration: 911 ms
06:48:53.443 [TestNG-test-SanityTests-1] INFO  com.orangehrm.testng.utils.LogUtil - Test passed: testLoginWithValidCredentials | Duration: 911 ms
06:48:53.443 [TestNG-test-SanityTests-1] INFO  com.orangehrm.testng.utils.LogUtil - Test Passed: testLoginWithValidCredentials Duration: 913 ms
06:48:53.443 [TestNG-test-SanityTests-1] INFO  com.orangehrm.testng.reports.AllureReportManager - Logging step: Test Passed: testLoginWithValidCredentials
]]></system-out>
  </testcase>
  <testcase name="testResetPassword" classname="com.orangehrm.testng.tests.TC_Login_ResetPassword" time="0.944">
    <system-out><![CDATA[06:48:53.465 [TestNG-test-SanityTests-4] INFO  com.orangehrm.testng.utils.LogUtil - Test Passed: testResetPassword Duration: 934 ms
06:48:53.465 [TestNG-test-SanityTests-4] INFO  com.orangehrm.testng.reports.ExtentReportManager - Test passed: testResetPassword. Duration: 934 ms
06:48:53.465 [TestNG-test-SanityTests-4] INFO  com.orangehrm.testng.utils.LogUtil - Test passed: testResetPassword | Duration: 934 ms
06:48:53.465 [TestNG-test-SanityTests-4] INFO  com.orangehrm.testng.utils.LogUtil - Test Passed: testResetPassword Duration: 935 ms
06:48:53.465 [TestNG-test-SanityTests-4] INFO  com.orangehrm.testng.reports.AllureReportManager - Logging step: Test Passed: testResetPassword
]]></system-out>
  </testcase>
</testsuite>