<?xml version="1.0" encoding="UTF-8"?>
<!-- Generated by org.testng.reporters.JUnitReportReporter -->
<testsuite hostname="DESKTOP-TFUFUVK" failures="0" tests="2" name="com.orangehrm.testng.tests.TC_Login_EmptyCredentials" time="0.007" errors="1" timestamp="2024-12-30T16:30:47 IST" skipped="1">
  <testcase classname="com.orangehrm.testng.tests.TC_Login_EmptyCredentials" name="setUp" time="0.007">
    <error message="Unsupported browser: ${browser:chrome}" type="java.lang.IllegalArgumentException">
      <![CDATA[java.lang.IllegalArgumentException: Unsupported browser: ${browser:chrome}
at com.orangehrm.testng.utils.BrowserFactory.getDriver(BrowserFactory.java:32)
at com.orangehrm.testng.managers.TestSetupManager.initializeDriver(TestSetupManager.java:17)
at com.orangehrm.testng.basetest.BaseTest.setUp(BaseTest.java:55)
at java.base/jdk.internal.reflect.NativeMethodAccessorImpl.invoke0(Native Method)
at java.base/jdk.internal.reflect.NativeMethodAccessorImpl.invoke(NativeMethodAccessorImpl.java:77)
at java.base/jdk.internal.reflect.DelegatingMethodAccessorImpl.invoke(DelegatingMethodAccessorImpl.java:43)
at java.base/java.lang.reflect.Method.invoke(Method.java:568)
at org.testng.internal.invokers.MethodInvocationHelper.invokeMethod(MethodInvocationHelper.java:141)
at org.testng.internal.invokers.MethodInvocationHelper.invokeMethodConsideringTimeout(MethodInvocationHelper.java:71)
at org.testng.internal.invokers.ConfigInvoker.invokeConfigurationMethod(ConfigInvoker.java:400)
at org.testng.internal.invokers.ConfigInvoker.invokeConfigurations(ConfigInvoker.java:333)
at org.testng.internal.invokers.TestMethodWorker.invokeBeforeClassMethods(TestMethodWorker.java:188)
at org.testng.internal.invokers.TestMethodWorker.run(TestMethodWorker.java:128)
at java.base/java.util.concurrent.Executors$RunnableAdapter.call(Executors.java:539)
at java.base/java.util.concurrent.FutureTask.run(FutureTask.java:264)
at org.testng.internal.thread.graph.TestNGFutureTask.run(TestNGFutureTask.java:22)
at java.base/java.util.concurrent.ThreadPoolExecutor.runWorker(ThreadPoolExecutor.java:1136)
at java.base/java.util.concurrent.ThreadPoolExecutor$Worker.run(ThreadPoolExecutor.java:635)
at java.base/java.lang.Thread.run(Thread.java:842)
]]>
    </error>
  </testcase> <!-- setUp -->
  <testcase classname="com.orangehrm.testng.tests.TC_Login_EmptyCredentials" name="testLoginWithEmptyCredentials" time="0.000">
    <skipped/>
  </testcase> <!-- testLoginWithEmptyCredentials -->
</testsuite> <!-- com.orangehrm.testng.tests.TC_Login_EmptyCredentials -->
